Using pre-set license
Built from '2021.2/staging' branch; Version is '2021.2.3f1 (32358a8527b4) revision 3290506'; Using compiler version '192829333'; Build Type 'Release'
OS: 'Windows 10 Pro; OS build 19042.1348; Version 2009; 64bit' Language: 'en' Physical Memory: 32711 MB
BatchMode: 1, IsHumanControllingUs: 0, StartBugReporterOnCrash: 0, Is64bit: 1, IsPro: 0

COMMAND LINE ARGUMENTS:
D:\Program Files\2021.2.3f1\Editor\Unity.exe
-adb2
-batchMode
-noUpm
-name
AssetImportWorker0
-projectPath
D:/Morga/Documents/VFXGraph
-logFile
Logs/AssetImportWorker0.log
-srvPort
59636
Successfully changed project path to: D:/Morga/Documents/VFXGraph
D:/Morga/Documents/VFXGraph
[UnityMemory] Configuration Parameters - Can be set up in boot.config
    "memorysetup-bucket-allocator-granularity=16"
    "memorysetup-bucket-allocator-bucket-count=8"
    "memorysetup-bucket-allocator-block-size=33554432"
    "memorysetup-bucket-allocator-block-count=8"
    "memorysetup-main-allocator-block-size=16777216"
    "memorysetup-thread-allocator-block-size=16777216"
    "memorysetup-gfx-main-allocator-block-size=16777216"
    "memorysetup-gfx-thread-allocator-block-size=16777216"
    "memorysetup-cache-allocator-block-size=4194304"
    "memorysetup-typetree-allocator-block-size=2097152"
    "memorysetup-profiler-bucket-allocator-granularity=16"
    "memorysetup-profiler-bucket-allocator-bucket-count=8"
    "memorysetup-profiler-bucket-allocator-block-size=33554432"
    "memorysetup-profiler-bucket-allocator-block-count=8"
    "memorysetup-profiler-allocator-block-size=16777216"
    "memorysetup-profiler-editor-allocator-block-size=1048576"
    "memorysetup-temp-allocator-size-main=16777216"
    "memorysetup-job-temp-allocator-block-size=2097152"
    "memorysetup-job-temp-allocator-block-size-background=1048576"
    "memorysetup-job-temp-allocator-reduction-small-platforms=262144"
    "memorysetup-temp-allocator-size-background-worker=32768"
    "memorysetup-temp-allocator-size-job-worker=262144"
    "memorysetup-temp-allocator-size-preload-manager=33554432"
    "memorysetup-temp-allocator-size-nav-mesh-worker=65536"
    "memorysetup-temp-allocator-size-audio-worker=65536"
    "memorysetup-temp-allocator-size-cloud-worker=32768"
    "memorysetup-temp-allocator-size-gi-baking-worker=262144"
    "memorysetup-temp-allocator-size-gfx=262144"
Refreshing native plugins compatible for Editor in 179.39 ms, found 3 plugins.
Preloading 0 native plugins for Editor in 0.00 ms.
Initialize engine version: 2021.2.3f1 (32358a8527b4)
[Subsystems] Discovering subsystems at path D:/Program Files/2021.2.3f1/Editor/Data/Resources/UnitySubsystems
[Subsystems] Discovering subsystems at path D:/Morga/Documents/VFXGraph/Assets
GfxDevice: creating device client; threaded=0; jobified=0
Direct3D:
    Version:  Direct3D 11.0 [level 11.1]
    Renderer: NVIDIA GeForce GTX 1050 Ti (ID=0x1c82)
    Vendor:   NVIDIA
    VRAM:     4018 MB
    Driver:   27.21.14.6109
Initialize mono
Mono path[0] = 'D:/Program Files/2021.2.3f1/Editor/Data/Managed'
Mono path[1] = 'D:/Program Files/2021.2.3f1/Editor/Data/MonoBleedingEdge/lib/mono/unityjit-win32'
Mono config path = 'D:/Program Files/2021.2.3f1/Editor/Data/MonoBleedingEdge/etc'
Using monoOptions --debugger-agent=transport=dt_socket,embedding=1,server=y,suspend=n,address=127.0.0.1:56536
Begin MonoManager ReloadAssembly
Registering precompiled unity dll's ...
Register platform support module: D:/Program Files/2021.2.3f1/Editor/Data/PlaybackEngines/WebGLSupport/UnityEditor.WebGL.Extensions.dll
Register platform support module: D:/Program Files/2021.2.3f1/Editor/Data/PlaybackEngines/WindowsStandaloneSupport/UnityEditor.WindowsStandalone.Extensions.dll
Registered in 0.031905 seconds.
Native extension for WindowsStandalone target not found
Native extension for WebGL target not found
Refreshing native plugins compatible for Editor in 170.88 ms, found 3 plugins.
Preloading 0 native plugins for Editor in 0.00 ms.
Mono: successfully reloaded assembly
- Completed reload, in  1.318 seconds
Domain Reload Profiling:
	ReloadAssembly (1319ms)
		BeginReloadAssembly (244ms)
			ExecutionOrderSort (0ms)
			DisableScriptedObjects (0ms)
			BackupInstance (0ms)
			ReleaseScriptingObjects (0ms)
			CreateAndSetChildDomain (1ms)
		EndReloadAssembly (814ms)
			LoadAssemblies (237ms)
			RebuildTransferFunctionScriptingTraits (0ms)
			SetupTypeCache (202ms)
			ReleaseScriptCaches (0ms)
			RebuildScriptCaches (31ms)
			SetupLoadedEditorAssemblies (494ms)
				LogAssemblyErrors (0ms)
				InitializePlatformSupportModulesInManaged (34ms)
				SetLoadedEditorAssemblies (0ms)
				RefreshPlugins (171ms)
				BeforeProcessingInitializeOnLoad (1ms)
				ProcessInitializeOnLoadAttributes (182ms)
				ProcessInitializeOnLoadMethodAttributes (105ms)
				AfterProcessingInitializeOnLoad (0ms)
				EditorAssembliesLoaded (0ms)
			ExecutionOrderSort2 (0ms)
			AwakeInstancesAfterBackupRestoration (0ms)
Platform modules already initialized, skipping
Registering precompiled user dll's ...
Registered in 0.044600 seconds.
Begin MonoManager ReloadAssembly
Symbol file LoadedFromMemory doesn't match image D:\Morga\Documents\VFXGraph\Library\PackageCache\com.unity.visualscripting@1.7.5\Editor\VisualScripting.Core\Dependencies\YamlDotNet\Unity.VisualScripting.YamlDotNet.dll
Symbol file LoadedFromMemory doesn't match image D:\Morga\Documents\VFXGraph\Library\PackageCache\com.unity.visualscripting@1.7.5\Editor\VisualScripting.Core\Dependencies\DotNetZip\Unity.VisualScripting.IonicZip.dll
Native extension for WindowsStandalone target not found
Native extension for WebGL target not found
Refreshing native plugins compatible for Editor in 227.17 ms, found 3 plugins.
Preloading 0 native plugins for Editor in 0.00 ms.
Mono: successfully reloaded assembly
- Completed reload, in  4.153 seconds
Domain Reload Profiling:
	ReloadAssembly (4154ms)
		BeginReloadAssembly (339ms)
			ExecutionOrderSort (0ms)
			DisableScriptedObjects (9ms)
			BackupInstance (0ms)
			ReleaseScriptingObjects (0ms)
			CreateAndSetChildDomain (30ms)
		EndReloadAssembly (3486ms)
			LoadAssemblies (325ms)
			RebuildTransferFunctionScriptingTraits (0ms)
			SetupTypeCache (824ms)
			ReleaseScriptCaches (1ms)
			RebuildScriptCaches (119ms)
			SetupLoadedEditorAssemblies (2070ms)
				LogAssemblyErrors (0ms)
				InitializePlatformSupportModulesInManaged (26ms)
				SetLoadedEditorAssemblies (0ms)
				RefreshPlugins (229ms)
				BeforeProcessingInitializeOnLoad (235ms)
				ProcessInitializeOnLoadAttributes (1211ms)
				ProcessInitializeOnLoadMethodAttributes (346ms)
				AfterProcessingInitializeOnLoad (24ms)
				EditorAssembliesLoaded (0ms)
			ExecutionOrderSort2 (0ms)
			AwakeInstancesAfterBackupRestoration (8ms)
Platform modules already initialized, skipping
========================================================================
Worker process is ready to serve import requests
Launched and connected shader compiler UnityShaderCompiler.exe after 0.12 seconds
Refreshing native plugins compatible for Editor in 1.25 ms, found 3 plugins.
Preloading 0 native plugins for Editor in 0.00 ms.
Unloading 6671 Unused Serialized files (Serialized files now loaded: 0)
Unloading 70 unused Assets / (3.8 MB). Loaded Objects now: 7127.
Memory consumption went from 301.5 MB to 297.7 MB.
Total: 5.667200 ms (FindLiveObjects: 0.624100 ms CreateObjectMapping: 0.686800 ms MarkObjects: 3.436100 ms  DeleteObjects: 0.918400 ms)

AssetImportParameters requested are different than current active one (requested -> active):
  custom:video-decoder-ogg-theora: a1e56fd34408186e4bbccfd4996cb3dc -> 
  custom:container-muxer-webm: aa71ff27fc2769a1b78a27578f13a17b -> 
  custom:container-demuxer-webm: 4f35f7cbe854078d1ac9338744f61a02 -> 
  custom:video-encoder-webm-vp8: eb34c28f22e8b96e1ab97ce403110664 -> 
  custom:audio-encoder-webm-vorbis: bf7c407c2cedff20999df2af8eb42d56 -> 
  custom:framework-win-MediaFoundation: 216162199b28c13a410421893ffa2e32 -> 
  custom:container-demuxer-ogg: 62fdf1f143b41e24485cea50d1cbac27 -> 
  custom:video-decoder-webm-vp8: 9c59270c3fd7afecdb556c50c9e8de78 -> 
  custom:audio-decoder-ogg-vorbis: bf7c407c2cedff20999df2af8eb42d56 -> 
========================================================================
Received Import Request.
  Time since last request: 924191.896071 seconds.
  path: Assets/SampleSceneAssets/Particles/ButterFlies.vfx
  artifactKey: Guid(3ccc63e203e655541916b8baf4eba847) Importer(815301076,1909f56bfc062723c751e8b465ee728b)
Start importing Assets/SampleSceneAssets/Particles/ButterFlies.vfx using Guid(3ccc63e203e655541916b8baf4eba847) Importer(815301076,1909f56bfc062723c751e8b465ee728b)  -> (artifact id: 'a016e95fdbc674104c3bbc43acbddc15') in 35.635474 seconds 
========================================================================
Received Import Request.
  Time since last request: 0.000057 seconds.
  path: Assets/SampleSceneAssets/Particles/ButterFlies.vfx
  artifactKey: Guid(3ccc63e203e655541916b8baf4eba847) Importer(815301076,1909f56bfc062723c751e8b465ee728b)
Start importing Assets/SampleSceneAssets/Particles/ButterFlies.vfx using Guid(3ccc63e203e655541916b8baf4eba847) Importer(815301076,1909f56bfc062723c751e8b465ee728b)  -> (artifact id: '6fe38bfdb901cd483ba7fb13c608cebd') in 0.072739 seconds 
========================================================================
Received Import Request.
  Time since last request: 42.979526 seconds.
  path: Assets/SampleSceneAssets/Particles/ButterFlies.vfx
  artifactKey: Guid(3ccc63e203e655541916b8baf4eba847) Importer(815301076,1909f56bfc062723c751e8b465ee728b)
Start importing Assets/SampleSceneAssets/Particles/ButterFlies.vfx using Guid(3ccc63e203e655541916b8baf4eba847) Importer(815301076,1909f56bfc062723c751e8b465ee728b)  -> (artifact id: 'f537cb012cbbf505327ae4050ee8fa07') in 0.036259 seconds 
========================================================================
Received Import Request.
  Time since last request: 38.225915 seconds.
  path: Assets/SampleSceneAssets/Particles/ButterFlies.vfx
  artifactKey: Guid(3ccc63e203e655541916b8baf4eba847) Importer(815301076,1909f56bfc062723c751e8b465ee728b)
Start importing Assets/SampleSceneAssets/Particles/ButterFlies.vfx using Guid(3ccc63e203e655541916b8baf4eba847) Importer(815301076,1909f56bfc062723c751e8b465ee728b)  -> (artifact id: '7ba55698fe75696927c531a2c4bf48b0') in 0.035716 seconds 
========================================================================
Received Import Request.
  Time since last request: 28.357842 seconds.
  path: Assets/Scenes
  artifactKey: Guid(978434fdd4446834aaa28419a34a1076) Importer(815301076,1909f56bfc062723c751e8b465ee728b)
Start importing Assets/Scenes using Guid(978434fdd4446834aaa28419a34a1076) Importer(815301076,1909f56bfc062723c751e8b465ee728b)  -> (artifact id: '65f305086d640803685643d16daeae64') in 0.006734 seconds 
========================================================================
Received Import Request.
  Time since last request: 22.384761 seconds.
  path: Assets/Scenes/VolumetricClouds.unity
  artifactKey: Guid(3d4e87e83455270418e4d1087a6a3446) Importer(815301076,1909f56bfc062723c751e8b465ee728b)
Start importing Assets/Scenes/VolumetricClouds.unity using Guid(3d4e87e83455270418e4d1087a6a3446) Importer(815301076,1909f56bfc062723c751e8b465ee728b)  -> (artifact id: '634fff2a7938a577c6845ba415c99bd0') in 0.008989 seconds 
========================================================================
Received Prepare
Registering precompiled user dll's ...
Registered in 0.138391 seconds.
Begin MonoManager ReloadAssembly
Symbol file LoadedFromMemory doesn't match image D:\Morga\Documents\VFXGraph\Library\PackageCache\com.unity.visualscripting@1.7.5\Editor\VisualScripting.Core\Dependencies\YamlDotNet\Unity.VisualScripting.YamlDotNet.dll
Symbol file LoadedFromMemory doesn't match image D:\Morga\Documents\VFXGraph\Library\PackageCache\com.unity.visualscripting@1.7.5\Editor\VisualScripting.Core\Dependencies\DotNetZip\Unity.VisualScripting.IonicZip.dll
Native extension for WindowsStandalone target not found
Native extension for WebGL target not found
Refreshing native plugins compatible for Editor in 191.87 ms, found 3 plugins.
Preloading 0 native plugins for Editor in 0.00 ms.
Mono: successfully reloaded assembly
- Completed reload, in  3.396 seconds
Domain Reload Profiling:
	ReloadAssembly (3397ms)
		BeginReloadAssembly (515ms)
			ExecutionOrderSort (0ms)
			DisableScriptedObjects (54ms)
			BackupInstance (0ms)
			ReleaseScriptingObjects (0ms)
			CreateAndSetChildDomain (93ms)
		EndReloadAssembly (2547ms)
			LoadAssemblies (256ms)
			RebuildTransferFunctionScriptingTraits (0ms)
			SetupTypeCache (514ms)
			ReleaseScriptCaches (3ms)
			RebuildScriptCaches (88ms)
			SetupLoadedEditorAssemblies (1326ms)
				LogAssemblyErrors (0ms)
				InitializePlatformSupportModulesInManaged (23ms)
				SetLoadedEditorAssemblies (0ms)
				RefreshPlugins (192ms)
				BeforeProcessingInitializeOnLoad (181ms)
				ProcessInitializeOnLoadAttributes (846ms)
				ProcessInitializeOnLoadMethodAttributes (55ms)
				AfterProcessingInitializeOnLoad (28ms)
				EditorAssembliesLoaded (0ms)
			ExecutionOrderSort2 (0ms)
			AwakeInstancesAfterBackupRestoration (32ms)
Platform modules already initialized, skipping
Refreshing native plugins compatible for Editor in 1.86 ms, found 3 plugins.
Preloading 0 native plugins for Editor in 0.00 ms.
Unloading 6550 Unused Serialized files (Serialized files now loaded: 0)
Unloading 98 unused Assets / (7.6 MB). Loaded Objects now: 7446.
Memory consumption went from 307.1 MB to 299.5 MB.
Total: 16.301800 ms (FindLiveObjects: 0.789700 ms CreateObjectMapping: 1.399300 ms MarkObjects: 9.318100 ms  DeleteObjects: 4.793100 ms)

AssetImportParameters requested are different than current active one (requested -> active):
  custom:video-decoder-ogg-theora: a1e56fd34408186e4bbccfd4996cb3dc -> 
  custom:container-muxer-webm: aa71ff27fc2769a1b78a27578f13a17b -> 
  custom:container-demuxer-webm: 4f35f7cbe854078d1ac9338744f61a02 -> 
  custom:video-encoder-webm-vp8: eb34c28f22e8b96e1ab97ce403110664 -> 
  custom:audio-encoder-webm-vorbis: bf7c407c2cedff20999df2af8eb42d56 -> 
  custom:framework-win-MediaFoundation: 216162199b28c13a410421893ffa2e32 -> 
  custom:container-demuxer-ogg: 62fdf1f143b41e24485cea50d1cbac27 -> 
  custom:video-decoder-webm-vp8: 9c59270c3fd7afecdb556c50c9e8de78 -> 
  custom:audio-decoder-ogg-vorbis: bf7c407c2cedff20999df2af8eb42d56 -> 
========================================================================
Received Import Request.
  Time since last request: 282.456954 seconds.
  path: Assets/Samples/Terrain Tools/0.1.0-preview/Terrain Assets/TerrainTextures/dirt_albedo.tif
  artifactKey: Guid(7f3df385222f5b1428f6a156037deb5e) Importer(815301076,1909f56bfc062723c751e8b465ee728b)
Start importing Assets/Samples/Terrain Tools/0.1.0-preview/Terrain Assets/TerrainTextures/dirt_albedo.tif using Guid(7f3df385222f5b1428f6a156037deb5e) Importer(815301076,1909f56bfc062723c751e8b465ee728b)  -> (artifact id: 'f29f34b5434d6b9d673a625b35cc0783') in 0.129137 seconds 
========================================================================
Received Import Request.
  Time since last request: 2.346820 seconds.
  path: Assets/Samples/Terrain Tools/0.1.0-preview/Terrain Assets/TerrainTextures/moss_albedo.tif
  artifactKey: Guid(43b54d39e0a4c4d47bef645abec127f1) Importer(815301076,1909f56bfc062723c751e8b465ee728b)
Start importing Assets/Samples/Terrain Tools/0.1.0-preview/Terrain Assets/TerrainTextures/moss_albedo.tif using Guid(43b54d39e0a4c4d47bef645abec127f1) Importer(815301076,1909f56bfc062723c751e8b465ee728b)  -> (artifact id: '6d60805cf1c21b488a4014ffd2322abb') in 0.041036 seconds 
========================================================================
Received Import Request.
  Time since last request: 2.132152 seconds.
  path: Assets/Samples/Terrain Tools/0.1.0-preview/Terrain Assets/TerrainTextures/rock_albedo.tif
  artifactKey: Guid(f7dd726c93b8f17418ea3be3f6768909) Importer(815301076,1909f56bfc062723c751e8b465ee728b)
Start importing Assets/Samples/Terrain Tools/0.1.0-preview/Terrain Assets/TerrainTextures/rock_albedo.tif using Guid(f7dd726c93b8f17418ea3be3f6768909) Importer(815301076,1909f56bfc062723c751e8b465ee728b)  -> (artifact id: '81925eef1108f83999156a857ce38d26') in 0.034851 seconds 
========================================================================
Received Import Request.
  Time since last request: 1.880346 seconds.
  path: Assets/Samples/Terrain Tools/0.1.0-preview/Terrain Assets/TerrainTextures/sand_albedo.tif
  artifactKey: Guid(6bcc65b7c6e3a0b448d7801bfc56842f) Importer(815301076,1909f56bfc062723c751e8b465ee728b)
Start importing Assets/Samples/Terrain Tools/0.1.0-preview/Terrain Assets/TerrainTextures/sand_albedo.tif using Guid(6bcc65b7c6e3a0b448d7801bfc56842f) Importer(815301076,1909f56bfc062723c751e8b465ee728b)  -> (artifact id: '43e75ea00b67b86ce8ebf9c49dca46b3') in 0.035034 seconds 
========================================================================
Received Import Request.
  Time since last request: 4.238257 seconds.
  path: Assets/Samples/Terrain Tools/0.1.0-preview/Terrain Assets/TerrainTextures/scree_albedo.tif
  artifactKey: Guid(fcd3993703e7d804bb735613d2a5189d) Importer(815301076,1909f56bfc062723c751e8b465ee728b)
Start importing Assets/Samples/Terrain Tools/0.1.0-preview/Terrain Assets/TerrainTextures/scree_albedo.tif using Guid(fcd3993703e7d804bb735613d2a5189d) Importer(815301076,1909f56bfc062723c751e8b465ee728b)  -> (artifact id: 'b6590828cea98cf18ded326c75e4e893') in 0.043601 seconds 
========================================================================
Received Import Request.
  Time since last request: 2.134603 seconds.
  path: Assets/Samples/Terrain Tools/0.1.0-preview/Terrain Assets/TerrainTextures/snow_albedo.tif
  artifactKey: Guid(0cc0777f7d4a3444380eb084d74396b5) Importer(815301076,1909f56bfc062723c751e8b465ee728b)
Start importing Assets/Samples/Terrain Tools/0.1.0-preview/Terrain Assets/TerrainTextures/snow_albedo.tif using Guid(0cc0777f7d4a3444380eb084d74396b5) Importer(815301076,1909f56bfc062723c751e8b465ee728b)  -> (artifact id: '1cd9099762c1b4fd3e6088834218afda') in 0.046776 seconds 
========================================================================
Received Import Request.
  Time since last request: 77.505171 seconds.
  path: Assets/Samples/Terrain Tools/0.1.0-preview/Terrain Assets/TerrainBrushes/terrainstamp_canyon01.brush
  artifactKey: Guid(9b1536174e1306f4eb016fe953e5a678) Importer(815301076,1909f56bfc062723c751e8b465ee728b)
Start importing Assets/Samples/Terrain Tools/0.1.0-preview/Terrain Assets/TerrainBrushes/terrainstamp_canyon01.brush using Guid(9b1536174e1306f4eb016fe953e5a678) Importer(815301076,1909f56bfc062723c751e8b465ee728b)  -> (artifact id: '362aa68844f1ea1788a2daf2f3af41d5') in 0.169969 seconds 
========================================================================
Received Import Request.
  Time since last request: 25.845962 seconds.
  path: Assets/Samples/Terrain Tools/0.1.0-preview/Terrain Assets/TerrainBrushes/terrainstamp_canyon02.brush
  artifactKey: Guid(7ddc1e59f6e82cc4693b55b0badb4aa3) Importer(815301076,1909f56bfc062723c751e8b465ee728b)
Start importing Assets/Samples/Terrain Tools/0.1.0-preview/Terrain Assets/TerrainBrushes/terrainstamp_canyon02.brush using Guid(7ddc1e59f6e82cc4693b55b0badb4aa3) Importer(815301076,1909f56bfc062723c751e8b465ee728b)  -> (artifact id: 'f087b600a5f0e27e34a12c9299da32c9') in 0.068487 seconds 
========================================================================
Received Import Request.
  Time since last request: 2.507870 seconds.
  path: Assets/Samples/Terrain Tools/0.1.0-preview/Terrain Assets/TerrainBrushes/terrainstamp_canyon04.brush
  artifactKey: Guid(dc670a42db363de40a6e6d9f231404ca) Importer(815301076,1909f56bfc062723c751e8b465ee728b)
Start importing Assets/Samples/Terrain Tools/0.1.0-preview/Terrain Assets/TerrainBrushes/terrainstamp_canyon04.brush using Guid(dc670a42db363de40a6e6d9f231404ca) Importer(815301076,1909f56bfc062723c751e8b465ee728b)  -> (artifact id: 'd09ea8dafa449a0914e35fa0459ede9c') in 0.081640 seconds 
========================================================================
Received Import Request.
  Time since last request: 13.624237 seconds.
  path: Assets/Samples/Terrain Tools/0.1.0-preview/Terrain Assets/TerrainBrushes/terrainstamp_mountain08.brush
  artifactKey: Guid(f3ac69de155752e498f0f9864e41e7a1) Importer(815301076,1909f56bfc062723c751e8b465ee728b)
Start importing Assets/Samples/Terrain Tools/0.1.0-preview/Terrain Assets/TerrainBrushes/terrainstamp_mountain08.brush using Guid(f3ac69de155752e498f0f9864e41e7a1) Importer(815301076,1909f56bfc062723c751e8b465ee728b)  -> (artifact id: 'aeef63d4bcd9c897c54032d59fcfe6b6') in 0.062868 seconds 
========================================================================
Received Import Request.
  Time since last request: 2.316036 seconds.
  path: Assets/Samples/Terrain Tools/0.1.0-preview/Terrain Assets/TerrainBrushes/terrainstamp_ridge02.brush
  artifactKey: Guid(5203e2a4f3ccc3548bde5beb3ca4bdc2) Importer(815301076,1909f56bfc062723c751e8b465ee728b)
Start importing Assets/Samples/Terrain Tools/0.1.0-preview/Terrain Assets/TerrainBrushes/terrainstamp_ridge02.brush using Guid(5203e2a4f3ccc3548bde5beb3ca4bdc2) Importer(815301076,1909f56bfc062723c751e8b465ee728b)  -> (artifact id: '0ad044a0f8c7d14a10765410ea21686c') in 0.192120 seconds 
========================================================================
Received Import Request.
  Time since last request: 17.250657 seconds.
  path: Assets/Samples/Terrain Tools/0.1.0-preview/Terrain Assets/TerrainBrushes/terrainstamp_ridge04.brush
  artifactKey: Guid(913af1c64ea139348925340c09459a50) Importer(815301076,1909f56bfc062723c751e8b465ee728b)
Start importing Assets/Samples/Terrain Tools/0.1.0-preview/Terrain Assets/TerrainBrushes/terrainstamp_ridge04.brush using Guid(913af1c64ea139348925340c09459a50) Importer(815301076,1909f56bfc062723c751e8b465ee728b)  -> (artifact id: '6138746b99a5b7d209f539c42724d490') in 0.064973 seconds 
========================================================================
Received Import Request.
  Time since last request: 9.428521 seconds.
  path: Assets/Samples/Terrain Tools/0.1.0-preview/Terrain Assets/TerrainBrushes/terrainstamp_volcano02.brush
  artifactKey: Guid(5bcc5a77fc677c24c98eb188064d3acd) Importer(815301076,1909f56bfc062723c751e8b465ee728b)
Start importing Assets/Samples/Terrain Tools/0.1.0-preview/Terrain Assets/TerrainBrushes/terrainstamp_volcano02.brush using Guid(5bcc5a77fc677c24c98eb188064d3acd) Importer(815301076,1909f56bfc062723c751e8b465ee728b)  -> (artifact id: 'b457c89b127af0fd3f36404c6db49230') in 0.058434 seconds 
========================================================================
Received Import Request.
  Time since last request: 3.283886 seconds.
  path: Assets/Samples/Terrain Tools/0.1.0-preview/Terrain Assets/TerrainBrushes/terrainstamp_ridge06.brush
  artifactKey: Guid(24a7eabe2ad91f84fbf3a7ecf7b532b6) Importer(815301076,1909f56bfc062723c751e8b465ee728b)
Start importing Assets/Samples/Terrain Tools/0.1.0-preview/Terrain Assets/TerrainBrushes/terrainstamp_ridge06.brush using Guid(24a7eabe2ad91f84fbf3a7ecf7b532b6) Importer(815301076,1909f56bfc062723c751e8b465ee728b)  -> (artifact id: 'bd1009244c635d4fae1719f0f436c218') in 0.068937 seconds 
========================================================================
Received Prepare
Registering precompiled user dll's ...
Registered in 0.028594 seconds.
Begin MonoManager ReloadAssembly
Symbol file LoadedFromMemory doesn't match image D:\Morga\Documents\VFXGraph\Library\PackageCache\com.unity.visualscripting@1.7.5\Editor\VisualScripting.Core\Dependencies\YamlDotNet\Unity.VisualScripting.YamlDotNet.dll
Symbol file LoadedFromMemory doesn't match image D:\Morga\Documents\VFXGraph\Library\PackageCache\com.unity.visualscripting@1.7.5\Editor\VisualScripting.Core\Dependencies\DotNetZip\Unity.VisualScripting.IonicZip.dll
Native extension for WindowsStandalone target not found
Native extension for WebGL target not found
Refreshing native plugins compatible for Editor in 1.71 ms, found 3 plugins.
Preloading 0 native plugins for Editor in 0.00 ms.
Mono: successfully reloaded assembly
- Completed reload, in  3.270 seconds
Domain Reload Profiling:
	ReloadAssembly (3271ms)
		BeginReloadAssembly (292ms)
			ExecutionOrderSort (0ms)
			DisableScriptedObjects (9ms)
			BackupInstance (0ms)
			ReleaseScriptingObjects (0ms)
			CreateAndSetChildDomain (66ms)
		EndReloadAssembly (2781ms)
			LoadAssemblies (227ms)
			RebuildTransferFunctionScriptingTraits (0ms)
			SetupTypeCache (429ms)
			ReleaseScriptCaches (3ms)
			RebuildScriptCaches (103ms)
			SetupLoadedEditorAssemblies (1522ms)
				LogAssemblyErrors (0ms)
				InitializePlatformSupportModulesInManaged (44ms)
				SetLoadedEditorAssemblies (1ms)
				RefreshPlugins (2ms)
				BeforeProcessingInitializeOnLoad (252ms)
				ProcessInitializeOnLoadAttributes (1137ms)
				ProcessInitializeOnLoadMethodAttributes (54ms)
				AfterProcessingInitializeOnLoad (32ms)
				EditorAssembliesLoaded (0ms)
			ExecutionOrderSort2 (0ms)
			AwakeInstancesAfterBackupRestoration (30ms)
Platform modules already initialized, skipping
Refreshing native plugins compatible for Editor in 5.43 ms, found 3 plugins.
Preloading 0 native plugins for Editor in 0.00 ms.
Unloading 6567 Unused Serialized files (Serialized files now loaded: 0)
Unloading 95 unused Assets / (7.2 MB). Loaded Objects now: 7586.
Memory consumption went from 328.8 MB to 321.6 MB.
Total: 13.110000 ms (FindLiveObjects: 2.301500 ms CreateObjectMapping: 1.795700 ms MarkObjects: 5.809700 ms  DeleteObjects: 3.201400 ms)

AssetImportParameters requested are different than current active one (requested -> active):
  custom:video-decoder-ogg-theora: a1e56fd34408186e4bbccfd4996cb3dc -> 
  custom:container-muxer-webm: aa71ff27fc2769a1b78a27578f13a17b -> 
  custom:container-demuxer-webm: 4f35f7cbe854078d1ac9338744f61a02 -> 
  custom:video-encoder-webm-vp8: eb34c28f22e8b96e1ab97ce403110664 -> 
  custom:audio-encoder-webm-vorbis: bf7c407c2cedff20999df2af8eb42d56 -> 
  custom:framework-win-MediaFoundation: 216162199b28c13a410421893ffa2e32 -> 
  custom:container-demuxer-ogg: 62fdf1f143b41e24485cea50d1cbac27 -> 
  custom:video-decoder-webm-vp8: 9c59270c3fd7afecdb556c50c9e8de78 -> 
  custom:audio-decoder-ogg-vorbis: bf7c407c2cedff20999df2af8eb42d56 -> 
========================================================================
Received Prepare
Registering precompiled user dll's ...
Registered in 0.022947 seconds.
Begin MonoManager ReloadAssembly
Symbol file LoadedFromMemory doesn't match image D:\Morga\Documents\VFXGraph\Library\PackageCache\com.unity.visualscripting@1.7.5\Editor\VisualScripting.Core\Dependencies\YamlDotNet\Unity.VisualScripting.YamlDotNet.dll
Symbol file LoadedFromMemory doesn't match image D:\Morga\Documents\VFXGraph\Library\PackageCache\com.unity.visualscripting@1.7.5\Editor\VisualScripting.Core\Dependencies\DotNetZip\Unity.VisualScripting.IonicZip.dll
Native extension for WindowsStandalone target not found
Native extension for WebGL target not found
Refreshing native plugins compatible for Editor in 3.76 ms, found 3 plugins.
Preloading 0 native plugins for Editor in 0.00 ms.
Mono: successfully reloaded assembly
- Completed reload, in  2.933 seconds
Domain Reload Profiling:
	ReloadAssembly (2934ms)
		BeginReloadAssembly (281ms)
			ExecutionOrderSort (0ms)
			DisableScriptedObjects (7ms)
			BackupInstance (0ms)
			ReleaseScriptingObjects (0ms)
			CreateAndSetChildDomain (66ms)
		EndReloadAssembly (2443ms)
			LoadAssemblies (214ms)
			RebuildTransferFunctionScriptingTraits (0ms)
			SetupTypeCache (476ms)
			ReleaseScriptCaches (3ms)
			RebuildScriptCaches (107ms)
			SetupLoadedEditorAssemblies (1240ms)
				LogAssemblyErrors (0ms)
				InitializePlatformSupportModulesInManaged (31ms)
				SetLoadedEditorAssemblies (1ms)
				RefreshPlugins (4ms)
				BeforeProcessingInitializeOnLoad (213ms)
				ProcessInitializeOnLoadAttributes (893ms)
				ProcessInitializeOnLoadMethodAttributes (51ms)
				AfterProcessingInitializeOnLoad (47ms)
				EditorAssembliesLoaded (0ms)
			ExecutionOrderSort2 (0ms)
			AwakeInstancesAfterBackupRestoration (35ms)
Platform modules already initialized, skipping
Refreshing native plugins compatible for Editor in 1.63 ms, found 3 plugins.
Preloading 0 native plugins for Editor in 0.00 ms.
Unloading 6545 Unused Serialized files (Serialized files now loaded: 0)
Unloading 95 unused Assets / (7.2 MB). Loaded Objects now: 7600.
Memory consumption went from 327.7 MB to 320.5 MB.
Total: 11.632100 ms (FindLiveObjects: 0.825500 ms CreateObjectMapping: 0.873100 ms MarkObjects: 4.521100 ms  DeleteObjects: 5.410800 ms)

AssetImportParameters requested are different than current active one (requested -> active):
  custom:video-decoder-ogg-theora: a1e56fd34408186e4bbccfd4996cb3dc -> 
  custom:container-muxer-webm: aa71ff27fc2769a1b78a27578f13a17b -> 
  custom:container-demuxer-webm: 4f35f7cbe854078d1ac9338744f61a02 -> 
  custom:video-encoder-webm-vp8: eb34c28f22e8b96e1ab97ce403110664 -> 
  custom:audio-encoder-webm-vorbis: bf7c407c2cedff20999df2af8eb42d56 -> 
  custom:framework-win-MediaFoundation: 216162199b28c13a410421893ffa2e32 -> 
  custom:container-demuxer-ogg: 62fdf1f143b41e24485cea50d1cbac27 -> 
  custom:video-decoder-webm-vp8: 9c59270c3fd7afecdb556c50c9e8de78 -> 
  custom:audio-decoder-ogg-vorbis: bf7c407c2cedff20999df2af8eb42d56 -> 
========================================================================
Received Prepare
Registering precompiled user dll's ...
Registered in 0.026137 seconds.
Begin MonoManager ReloadAssembly
Symbol file LoadedFromMemory doesn't match image D:\Morga\Documents\VFXGraph\Library\PackageCache\com.unity.visualscripting@1.7.5\Editor\VisualScripting.Core\Dependencies\YamlDotNet\Unity.VisualScripting.YamlDotNet.dll
Symbol file LoadedFromMemory doesn't match image D:\Morga\Documents\VFXGraph\Library\PackageCache\com.unity.visualscripting@1.7.5\Editor\VisualScripting.Core\Dependencies\DotNetZip\Unity.VisualScripting.IonicZip.dll
Native extension for WindowsStandalone target not found
Native extension for WebGL target not found
Refreshing native plugins compatible for Editor in 2.03 ms, found 3 plugins.
Preloading 0 native plugins for Editor in 0.00 ms.
Mono: successfully reloaded assembly
- Completed reload, in  4.589 seconds
Domain Reload Profiling:
	ReloadAssembly (4590ms)
		BeginReloadAssembly (269ms)
			ExecutionOrderSort (0ms)
			DisableScriptedObjects (8ms)
			BackupInstance (0ms)
			ReleaseScriptingObjects (0ms)
			CreateAndSetChildDomain (69ms)
		EndReloadAssembly (4153ms)
			LoadAssemblies (498ms)
			RebuildTransferFunctionScriptingTraits (0ms)
			SetupTypeCache (515ms)
			ReleaseScriptCaches (2ms)
			RebuildScriptCaches (367ms)
			SetupLoadedEditorAssemblies (2140ms)
				LogAssemblyErrors (0ms)
				InitializePlatformSupportModulesInManaged (26ms)
				SetLoadedEditorAssemblies (1ms)
				RefreshPlugins (3ms)
				BeforeProcessingInitializeOnLoad (362ms)
				ProcessInitializeOnLoadAttributes (1641ms)
				ProcessInitializeOnLoadMethodAttributes (69ms)
				AfterProcessingInitializeOnLoad (38ms)
				EditorAssembliesLoaded (1ms)
			ExecutionOrderSort2 (0ms)
			AwakeInstancesAfterBackupRestoration (46ms)
Platform modules already initialized, skipping
Refreshing native plugins compatible for Editor in 1.18 ms, found 3 plugins.
Preloading 0 native plugins for Editor in 0.00 ms.
Unloading 6545 Unused Serialized files (Serialized files now loaded: 0)
Unloading 95 unused Assets / (7.2 MB). Loaded Objects now: 7614.
Memory consumption went from 327.7 MB to 320.5 MB.
Total: 11.982000 ms (FindLiveObjects: 1.006700 ms CreateObjectMapping: 2.666700 ms MarkObjects: 5.604000 ms  DeleteObjects: 2.702800 ms)

AssetImportParameters requested are different than current active one (requested -> active):
  custom:video-decoder-ogg-theora: a1e56fd34408186e4bbccfd4996cb3dc -> 
  custom:container-muxer-webm: aa71ff27fc2769a1b78a27578f13a17b -> 
  custom:container-demuxer-webm: 4f35f7cbe854078d1ac9338744f61a02 -> 
  custom:video-encoder-webm-vp8: eb34c28f22e8b96e1ab97ce403110664 -> 
  custom:audio-encoder-webm-vorbis: bf7c407c2cedff20999df2af8eb42d56 -> 
  custom:framework-win-MediaFoundation: 216162199b28c13a410421893ffa2e32 -> 
  custom:container-demuxer-ogg: 62fdf1f143b41e24485cea50d1cbac27 -> 
  custom:video-decoder-webm-vp8: 9c59270c3fd7afecdb556c50c9e8de78 -> 
  custom:audio-decoder-ogg-vorbis: bf7c407c2cedff20999df2af8eb42d56 -> 
========================================================================
Received Import Request.
  Time since last request: 1574.894401 seconds.
  path: Assets/Particles/Snow.vfx
  artifactKey: Guid(6551fe1d6a79bbe4c9b8c25379a4a9ed) Importer(815301076,1909f56bfc062723c751e8b465ee728b)
Start importing Assets/Particles/Snow.vfx using Guid(6551fe1d6a79bbe4c9b8c25379a4a9ed) Importer(815301076,1909f56bfc062723c751e8b465ee728b)  -> (artifact id: '37b890285f18da7f1d4f9e89a575a339') in 1.332002 seconds 
========================================================================
Received Import Request.
  Time since last request: 65.063229 seconds.
  path: Assets/Particles/Snow.vfx
  artifactKey: Guid(6551fe1d6a79bbe4c9b8c25379a4a9ed) Importer(815301076,1909f56bfc062723c751e8b465ee728b)
Start importing Assets/Particles/Snow.vfx using Guid(6551fe1d6a79bbe4c9b8c25379a4a9ed) Importer(815301076,1909f56bfc062723c751e8b465ee728b)  -> (artifact id: 'da5fc091f1389d31f6dfbb5ad6b9c852') in 0.130036 seconds 
========================================================================
Received Import Request.
  Time since last request: 42.617284 seconds.
  path: Assets/Particles/Snow.vfx
  artifactKey: Guid(6551fe1d6a79bbe4c9b8c25379a4a9ed) Importer(815301076,1909f56bfc062723c751e8b465ee728b)
Start importing Assets/Particles/Snow.vfx using Guid(6551fe1d6a79bbe4c9b8c25379a4a9ed) Importer(815301076,1909f56bfc062723c751e8b465ee728b)  -> (artifact id: '8c0a517d743724b52b463fe1099da5b3') in 0.563941 seconds 
========================================================================
Received Import Request.
  Time since last request: 39.942633 seconds.
  path: Assets/Particles/Snow.vfx
  artifactKey: Guid(6551fe1d6a79bbe4c9b8c25379a4a9ed) Importer(815301076,1909f56bfc062723c751e8b465ee728b)
Start importing Assets/Particles/Snow.vfx using Guid(6551fe1d6a79bbe4c9b8c25379a4a9ed) Importer(815301076,1909f56bfc062723c751e8b465ee728b)  -> (artifact id: '4f47efb28819b7056322b3f5a43a8e4f') in 0.551520 seconds 
========================================================================
Received Import Request.
  Time since last request: 272.425336 seconds.
  path: Assets/Particles/Snow.vfx
  artifactKey: Guid(6551fe1d6a79bbe4c9b8c25379a4a9ed) Importer(815301076,1909f56bfc062723c751e8b465ee728b)
Start importing Assets/Particles/Snow.vfx using Guid(6551fe1d6a79bbe4c9b8c25379a4a9ed) Importer(815301076,1909f56bfc062723c751e8b465ee728b)  -> (artifact id: '5cfa0f9ed6904038a5c9ca6cb7c11db1') in 0.099072 seconds 
========================================================================
Received Import Request.
  Time since last request: 5027.223841 seconds.
  path: Assets/Particles/Snow.vfx
  artifactKey: Guid(6551fe1d6a79bbe4c9b8c25379a4a9ed) Importer(815301076,1909f56bfc062723c751e8b465ee728b)
Start importing Assets/Particles/Snow.vfx using Guid(6551fe1d6a79bbe4c9b8c25379a4a9ed) Importer(815301076,1909f56bfc062723c751e8b465ee728b)  -> (artifact id: '050275c54ae8fdcdbb0001c46f8b6600') in 0.081460 seconds 
========================================================================
Received Import Request.
  Time since last request: 11.537035 seconds.
  path: Assets/Particles/Snow.vfx
  artifactKey: Guid(6551fe1d6a79bbe4c9b8c25379a4a9ed) Importer(815301076,1909f56bfc062723c751e8b465ee728b)
Start importing Assets/Particles/Snow.vfx using Guid(6551fe1d6a79bbe4c9b8c25379a4a9ed) Importer(815301076,1909f56bfc062723c751e8b465ee728b)  -> (artifact id: '2647145ea97c11dbca97945cbb1fffd3') in 0.090151 seconds 
========================================================================
Received Import Request.
  Time since last request: 29.694365 seconds.
  path: Assets/Particles/Snow.vfx
  artifactKey: Guid(6551fe1d6a79bbe4c9b8c25379a4a9ed) Importer(815301076,1909f56bfc062723c751e8b465ee728b)
Start importing Assets/Particles/Snow.vfx using Guid(6551fe1d6a79bbe4c9b8c25379a4a9ed) Importer(815301076,1909f56bfc062723c751e8b465ee728b)  -> (artifact id: '772bb0584f319bd1cb44051cd6664b9f') in 0.092463 seconds 
========================================================================
Received Import Request.
  Time since last request: 12.885800 seconds.
  path: Assets/Particles/Snow.vfx
  artifactKey: Guid(6551fe1d6a79bbe4c9b8c25379a4a9ed) Importer(815301076,1909f56bfc062723c751e8b465ee728b)
Start importing Assets/Particles/Snow.vfx using Guid(6551fe1d6a79bbe4c9b8c25379a4a9ed) Importer(815301076,1909f56bfc062723c751e8b465ee728b)  -> (artifact id: '5d364550273cd0af93e3fa96b054484e') in 0.051745 seconds 
========================================================================
Received Import Request.
  Time since last request: 5.476547 seconds.
  path: Assets/Particles/Snow.vfx
  artifactKey: Guid(6551fe1d6a79bbe4c9b8c25379a4a9ed) Importer(815301076,1909f56bfc062723c751e8b465ee728b)
Start importing Assets/Particles/Snow.vfx using Guid(6551fe1d6a79bbe4c9b8c25379a4a9ed) Importer(815301076,1909f56bfc062723c751e8b465ee728b)  -> (artifact id: '800db87883c628f7718ae521dce92ff8') in 0.074803 seconds 
========================================================================
Received Import Request.
  Time since last request: 92.246131 seconds.
  path: Assets/Particles/Snow.vfx
  artifactKey: Guid(6551fe1d6a79bbe4c9b8c25379a4a9ed) Importer(815301076,1909f56bfc062723c751e8b465ee728b)
Start importing Assets/Particles/Snow.vfx using Guid(6551fe1d6a79bbe4c9b8c25379a4a9ed) Importer(815301076,1909f56bfc062723c751e8b465ee728b)  -> (artifact id: '959ea7683a56568b209f663a445bdf95') in 0.103457 seconds 
========================================================================
Received Import Request.
  Time since last request: 61.624479 seconds.
  path: Assets/Particles/Snow.vfx
  artifactKey: Guid(6551fe1d6a79bbe4c9b8c25379a4a9ed) Importer(815301076,1909f56bfc062723c751e8b465ee728b)
Start importing Assets/Particles/Snow.vfx using Guid(6551fe1d6a79bbe4c9b8c25379a4a9ed) Importer(815301076,1909f56bfc062723c751e8b465ee728b)  -> (artifact id: '7142266f9fb3b32e4bb36ddcc0480c98') in 0.550518 seconds 
========================================================================
Received Import Request.
  Time since last request: 66.581901 seconds.
  path: Assets/Particles/Snow.vfx
  artifactKey: Guid(6551fe1d6a79bbe4c9b8c25379a4a9ed) Importer(815301076,1909f56bfc062723c751e8b465ee728b)
Start importing Assets/Particles/Snow.vfx using Guid(6551fe1d6a79bbe4c9b8c25379a4a9ed) Importer(815301076,1909f56bfc062723c751e8b465ee728b)  -> (artifact id: 'ce9fad6dd443b8c523edd4e0dda1d2ad') in 0.101264 seconds 
========================================================================
Received Import Request.
  Time since last request: 17.188137 seconds.
  path: Assets/Particles/Snow.vfx
  artifactKey: Guid(6551fe1d6a79bbe4c9b8c25379a4a9ed) Importer(815301076,1909f56bfc062723c751e8b465ee728b)
Start importing Assets/Particles/Snow.vfx using Guid(6551fe1d6a79bbe4c9b8c25379a4a9ed) Importer(815301076,1909f56bfc062723c751e8b465ee728b)  -> (artifact id: 'cd9e54608c1dd7b51cffb243ebc028f3') in 0.183807 seconds 
========================================================================
Received Import Request.
  Time since last request: 12.642991 seconds.
  path: Assets/Particles/Snow.vfx
  artifactKey: Guid(6551fe1d6a79bbe4c9b8c25379a4a9ed) Importer(815301076,1909f56bfc062723c751e8b465ee728b)
Start importing Assets/Particles/Snow.vfx using Guid(6551fe1d6a79bbe4c9b8c25379a4a9ed) Importer(815301076,1909f56bfc062723c751e8b465ee728b)  -> (artifact id: 'b2a94afdf35c014d5667cbd2389ad792') in 0.193161 seconds 
========================================================================
Received Import Request.
  Time since last request: 8.136049 seconds.
  path: Assets/Particles/Snow.vfx
  artifactKey: Guid(6551fe1d6a79bbe4c9b8c25379a4a9ed) Importer(815301076,1909f56bfc062723c751e8b465ee728b)
Start importing Assets/Particles/Snow.vfx using Guid(6551fe1d6a79bbe4c9b8c25379a4a9ed) Importer(815301076,1909f56bfc062723c751e8b465ee728b)  -> (artifact id: 'a07681c2d26c4996211939570f385670') in 0.090838 seconds 
========================================================================
Received Import Request.
  Time since last request: 39.958755 seconds.
  path: Assets/Particles/Snow.vfx
  artifactKey: Guid(6551fe1d6a79bbe4c9b8c25379a4a9ed) Importer(815301076,1909f56bfc062723c751e8b465ee728b)
Start importing Assets/Particles/Snow.vfx using Guid(6551fe1d6a79bbe4c9b8c25379a4a9ed) Importer(815301076,1909f56bfc062723c751e8b465ee728b)  -> (artifact id: '7bb702a0e98eee1ed3156d9efeb6c7f0') in 0.632358 seconds 
========================================================================
Received Import Request.
  Time since last request: 8.780202 seconds.
  path: Assets/Particles/Snow.vfx
  artifactKey: Guid(6551fe1d6a79bbe4c9b8c25379a4a9ed) Importer(815301076,1909f56bfc062723c751e8b465ee728b)
Start importing Assets/Particles/Snow.vfx using Guid(6551fe1d6a79bbe4c9b8c25379a4a9ed) Importer(815301076,1909f56bfc062723c751e8b465ee728b)  -> (artifact id: 'bcd758604f74df6bda86e728d1f81283') in 0.619399 seconds 
========================================================================
Received Import Request.
  Time since last request: 244.510748 seconds.
  path: Assets/Particles/Snow.vfx
  artifactKey: Guid(6551fe1d6a79bbe4c9b8c25379a4a9ed) Importer(815301076,1909f56bfc062723c751e8b465ee728b)
Start importing Assets/Particles/Snow.vfx using Guid(6551fe1d6a79bbe4c9b8c25379a4a9ed) Importer(815301076,1909f56bfc062723c751e8b465ee728b)  -> (artifact id: '689c20861e24711dfa256ded25c092b7') in 0.105322 seconds 
========================================================================
Received Import Request.
  Time since last request: 171.559520 seconds.
  path: Assets/Particles/Snow.vfx
  artifactKey: Guid(6551fe1d6a79bbe4c9b8c25379a4a9ed) Importer(815301076,1909f56bfc062723c751e8b465ee728b)
Start importing Assets/Particles/Snow.vfx using Guid(6551fe1d6a79bbe4c9b8c25379a4a9ed) Importer(815301076,1909f56bfc062723c751e8b465ee728b)  -> (artifact id: '44071a5c9dafaf0573c2a37d59c495ef') in 0.510355 seconds 
========================================================================
Received Import Request.
  Time since last request: 38.148576 seconds.
  path: Assets/Particles/Snow.vfx
  artifactKey: Guid(6551fe1d6a79bbe4c9b8c25379a4a9ed) Importer(815301076,1909f56bfc062723c751e8b465ee728b)
Start importing Assets/Particles/Snow.vfx using Guid(6551fe1d6a79bbe4c9b8c25379a4a9ed) Importer(815301076,1909f56bfc062723c751e8b465ee728b)  -> (artifact id: '967298ff004008d032f166bb66628684') in 0.722821 seconds 
========================================================================
Received Import Request.
  Time since last request: 53.042977 seconds.
  path: Assets/Particles/Snow.vfx
  artifactKey: Guid(6551fe1d6a79bbe4c9b8c25379a4a9ed) Importer(815301076,1909f56bfc062723c751e8b465ee728b)
Start importing Assets/Particles/Snow.vfx using Guid(6551fe1d6a79bbe4c9b8c25379a4a9ed) Importer(815301076,1909f56bfc062723c751e8b465ee728b)  -> (artifact id: 'cee5e2f9e78dfc8f9067e5dc43ef1002') in 0.068084 seconds 
========================================================================
Received Import Request.
  Time since last request: 1.307601 seconds.
  path: Assets/Particles/Snow.vfx
  artifactKey: Guid(6551fe1d6a79bbe4c9b8c25379a4a9ed) Importer(815301076,1909f56bfc062723c751e8b465ee728b)
Start importing Assets/Particles/Snow.vfx using Guid(6551fe1d6a79bbe4c9b8c25379a4a9ed) Importer(815301076,1909f56bfc062723c751e8b465ee728b)  -> (artifact id: 'ce642d099cfbe016dace1b00fbdaafa6') in 0.067463 seconds 
========================================================================
Received Import Request.
  Time since last request: 42.940489 seconds.
  path: Assets/Particles/Snow.vfx
  artifactKey: Guid(6551fe1d6a79bbe4c9b8c25379a4a9ed) Importer(815301076,1909f56bfc062723c751e8b465ee728b)
Start importing Assets/Particles/Snow.vfx using Guid(6551fe1d6a79bbe4c9b8c25379a4a9ed) Importer(815301076,1909f56bfc062723c751e8b465ee728b)  -> (artifact id: '783cdf41b6fb92c5374e86a1d0588668') in 0.074289 seconds 
========================================================================
Received Import Request.
  Time since last request: 35.441879 seconds.
  path: Assets/Particles/Snow.vfx
  artifactKey: Guid(6551fe1d6a79bbe4c9b8c25379a4a9ed) Importer(815301076,1909f56bfc062723c751e8b465ee728b)
Start importing Assets/Particles/Snow.vfx using Guid(6551fe1d6a79bbe4c9b8c25379a4a9ed) Importer(815301076,1909f56bfc062723c751e8b465ee728b)  -> (artifact id: '0164d5712fbeaf3ab9b89523a827f3a9') in 0.108151 seconds 
========================================================================
Received Import Request.
  Time since last request: 30.958188 seconds.
  path: Assets/Particles/Snow.vfx
  artifactKey: Guid(6551fe1d6a79bbe4c9b8c25379a4a9ed) Importer(815301076,1909f56bfc062723c751e8b465ee728b)
Start importing Assets/Particles/Snow.vfx using Guid(6551fe1d6a79bbe4c9b8c25379a4a9ed) Importer(815301076,1909f56bfc062723c751e8b465ee728b)  -> (artifact id: '8c20e0874c8555b931ceafa735875d1d') in 0.067506 seconds 
========================================================================
Received Import Request.
  Time since last request: 2.519662 seconds.
  path: Assets/Particles/Snow.vfx
  artifactKey: Guid(6551fe1d6a79bbe4c9b8c25379a4a9ed) Importer(815301076,1909f56bfc062723c751e8b465ee728b)
Start importing Assets/Particles/Snow.vfx using Guid(6551fe1d6a79bbe4c9b8c25379a4a9ed) Importer(815301076,1909f56bfc062723c751e8b465ee728b)  -> (artifact id: '5149732d9b9bebac7760e901397b9863') in 0.099266 seconds 
========================================================================
Received Import Request.
  Time since last request: 2.301129 seconds.
  path: Assets/Particles/Snow.vfx
  artifactKey: Guid(6551fe1d6a79bbe4c9b8c25379a4a9ed) Importer(815301076,1909f56bfc062723c751e8b465ee728b)
Start importing Assets/Particles/Snow.vfx using Guid(6551fe1d6a79bbe4c9b8c25379a4a9ed) Importer(815301076,1909f56bfc062723c751e8b465ee728b)  -> (artifact id: '5e96315adfb1b521b292e0e84c8b16eb') in 0.077914 seconds 
========================================================================
Received Import Request.
  Time since last request: 84.710461 seconds.
  path: Assets/Particles/Snow.vfx
  artifactKey: Guid(6551fe1d6a79bbe4c9b8c25379a4a9ed) Importer(815301076,1909f56bfc062723c751e8b465ee728b)
Start importing Assets/Particles/Snow.vfx using Guid(6551fe1d6a79bbe4c9b8c25379a4a9ed) Importer(815301076,1909f56bfc062723c751e8b465ee728b)  -> (artifact id: '8eb874d325f126794dbba1dde25414e0') in 0.067668 seconds 
========================================================================
Received Import Request.
  Time since last request: 121.542430 seconds.
  path: Assets/Particles/Snow.vfx
  artifactKey: Guid(6551fe1d6a79bbe4c9b8c25379a4a9ed) Importer(815301076,1909f56bfc062723c751e8b465ee728b)
Start importing Assets/Particles/Snow.vfx using Guid(6551fe1d6a79bbe4c9b8c25379a4a9ed) Importer(815301076,1909f56bfc062723c751e8b465ee728b)  -> (artifact id: '345236ac3004ca3c9f46bb79716a50fd') in 0.066085 seconds 
========================================================================
Received Import Request.
  Time since last request: 6.878359 seconds.
  path: Assets/Particles/Snow.vfx
  artifactKey: Guid(6551fe1d6a79bbe4c9b8c25379a4a9ed) Importer(815301076,1909f56bfc062723c751e8b465ee728b)
Start importing Assets/Particles/Snow.vfx using Guid(6551fe1d6a79bbe4c9b8c25379a4a9ed) Importer(815301076,1909f56bfc062723c751e8b465ee728b)  -> (artifact id: '90857f1424b22d94687bceb03a3cee40') in 0.079343 seconds 
========================================================================
Received Import Request.
  Time since last request: 179.560420 seconds.
  path: Assets/Particles/Snow.vfx
  artifactKey: Guid(6551fe1d6a79bbe4c9b8c25379a4a9ed) Importer(815301076,1909f56bfc062723c751e8b465ee728b)
Start importing Assets/Particles/Snow.vfx using Guid(6551fe1d6a79bbe4c9b8c25379a4a9ed) Importer(815301076,1909f56bfc062723c751e8b465ee728b)  -> (artifact id: '07da2398789031d581eab616ae68f649') in 0.078113 seconds 
========================================================================
Received Import Request.
  Time since last request: 8.267988 seconds.
  path: Assets/Particles/Snow.vfx
  artifactKey: Guid(6551fe1d6a79bbe4c9b8c25379a4a9ed) Importer(815301076,1909f56bfc062723c751e8b465ee728b)
Start importing Assets/Particles/Snow.vfx using Guid(6551fe1d6a79bbe4c9b8c25379a4a9ed) Importer(815301076,1909f56bfc062723c751e8b465ee728b)  -> (artifact id: '3358e0012ae7b6478752c6e715ce7280') in 0.074133 seconds 
========================================================================
Received Import Request.
  Time since last request: 78.271247 seconds.
  path: Assets/Particles/Snow.vfx
  artifactKey: Guid(6551fe1d6a79bbe4c9b8c25379a4a9ed) Importer(815301076,1909f56bfc062723c751e8b465ee728b)
Start importing Assets/Particles/Snow.vfx using Guid(6551fe1d6a79bbe4c9b8c25379a4a9ed) Importer(815301076,1909f56bfc062723c751e8b465ee728b)  -> (artifact id: '68eb2de50203772ab58ab5602b59c09e') in 0.082240 seconds 
========================================================================
Received Import Request.
  Time since last request: 1.771297 seconds.
  path: Assets/Particles/Snow.vfx
  artifactKey: Guid(6551fe1d6a79bbe4c9b8c25379a4a9ed) Importer(815301076,1909f56bfc062723c751e8b465ee728b)
Start importing Assets/Particles/Snow.vfx using Guid(6551fe1d6a79bbe4c9b8c25379a4a9ed) Importer(815301076,1909f56bfc062723c751e8b465ee728b)  -> (artifact id: '92e93c8386465eb1688e29dccff5e54c') in 0.060222 seconds 
========================================================================
Received Import Request.
  Time since last request: 10.628946 seconds.
  path: Assets/Particles/Snow.vfx
  artifactKey: Guid(6551fe1d6a79bbe4c9b8c25379a4a9ed) Importer(815301076,1909f56bfc062723c751e8b465ee728b)
Start importing Assets/Particles/Snow.vfx using Guid(6551fe1d6a79bbe4c9b8c25379a4a9ed) Importer(815301076,1909f56bfc062723c751e8b465ee728b)  -> (artifact id: 'f275627fab8953ba94e2276ce8a70469') in 0.088191 seconds 
========================================================================
Received Import Request.
  Time since last request: 94.787188 seconds.
  path: Assets/Particles/Snow.vfx
  artifactKey: Guid(6551fe1d6a79bbe4c9b8c25379a4a9ed) Importer(815301076,1909f56bfc062723c751e8b465ee728b)
Start importing Assets/Particles/Snow.vfx using Guid(6551fe1d6a79bbe4c9b8c25379a4a9ed) Importer(815301076,1909f56bfc062723c751e8b465ee728b)  -> (artifact id: '40c98577a16037f3d5bf06b7c6f93ae4') in 0.066826 seconds 
========================================================================
Received Import Request.
  Time since last request: 0.236496 seconds.
  path: Assets/Particles/Snow.vfx
  artifactKey: Guid(6551fe1d6a79bbe4c9b8c25379a4a9ed) Importer(815301076,1909f56bfc062723c751e8b465ee728b)
Start importing Assets/Particles/Snow.vfx using Guid(6551fe1d6a79bbe4c9b8c25379a4a9ed) Importer(815301076,1909f56bfc062723c751e8b465ee728b)  -> (artifact id: '824eb6137b46c3d4266e9c2044646bd2') in 1.160498 seconds 
========================================================================
Received Import Request.
  Time since last request: 31.260379 seconds.
  path: Assets/Particles/Snow.vfx
  artifactKey: Guid(6551fe1d6a79bbe4c9b8c25379a4a9ed) Importer(815301076,1909f56bfc062723c751e8b465ee728b)
Start importing Assets/Particles/Snow.vfx using Guid(6551fe1d6a79bbe4c9b8c25379a4a9ed) Importer(815301076,1909f56bfc062723c751e8b465ee728b)  -> (artifact id: '0b0a786cdde5e9e23e62bde53e7014ea') in 0.123653 seconds 
========================================================================
Received Import Request.
  Time since last request: 60.875433 seconds.
  path: Assets/Particles/Snow.vfx
  artifactKey: Guid(6551fe1d6a79bbe4c9b8c25379a4a9ed) Importer(815301076,1909f56bfc062723c751e8b465ee728b)
Start importing Assets/Particles/Snow.vfx using Guid(6551fe1d6a79bbe4c9b8c25379a4a9ed) Importer(815301076,1909f56bfc062723c751e8b465ee728b)  -> (artifact id: 'c15fa77a05af0e1288cbf35626157132') in 0.072167 seconds 
========================================================================
Received Import Request.
  Time since last request: 11.830971 seconds.
  path: Assets/Particles/Snow.vfx
  artifactKey: Guid(6551fe1d6a79bbe4c9b8c25379a4a9ed) Importer(815301076,1909f56bfc062723c751e8b465ee728b)
Start importing Assets/Particles/Snow.vfx using Guid(6551fe1d6a79bbe4c9b8c25379a4a9ed) Importer(815301076,1909f56bfc062723c751e8b465ee728b)  -> (artifact id: 'a20cec74aea4adaa4e1c5be464a8ad38') in 0.061837 seconds 
========================================================================
Received Import Request.
  Time since last request: 30.858762 seconds.
  path: Assets/Particles/Snow.vfx
  artifactKey: Guid(6551fe1d6a79bbe4c9b8c25379a4a9ed) Importer(815301076,1909f56bfc062723c751e8b465ee728b)
Start importing Assets/Particles/Snow.vfx using Guid(6551fe1d6a79bbe4c9b8c25379a4a9ed) Importer(815301076,1909f56bfc062723c751e8b465ee728b)  -> (artifact id: 'b6b28a9f028cf7c9552f4cc38c20ce34') in 0.084227 seconds 
========================================================================
Received Import Request.
  Time since last request: 94.900530 seconds.
  path: Assets/Particles/Snow.vfx
  artifactKey: Guid(6551fe1d6a79bbe4c9b8c25379a4a9ed) Importer(815301076,1909f56bfc062723c751e8b465ee728b)
Start importing Assets/Particles/Snow.vfx using Guid(6551fe1d6a79bbe4c9b8c25379a4a9ed) Importer(815301076,1909f56bfc062723c751e8b465ee728b)  -> (artifact id: '1d12b6a47338a60bb166abb840409666') in 0.130940 seconds 
========================================================================
Received Import Request.
  Time since last request: 22.450956 seconds.
  path: Assets/Particles/Snow.vfx
  artifactKey: Guid(6551fe1d6a79bbe4c9b8c25379a4a9ed) Importer(815301076,1909f56bfc062723c751e8b465ee728b)
Start importing Assets/Particles/Snow.vfx using Guid(6551fe1d6a79bbe4c9b8c25379a4a9ed) Importer(815301076,1909f56bfc062723c751e8b465ee728b)  -> (artifact id: '97d03ebedf8ae5f657ce2af1c3036cc5') in 0.164143 seconds 
========================================================================
Received Import Request.
  Time since last request: 50.466318 seconds.
  path: Assets/Particles/Snow.vfx
  artifactKey: Guid(6551fe1d6a79bbe4c9b8c25379a4a9ed) Importer(815301076,1909f56bfc062723c751e8b465ee728b)
Start importing Assets/Particles/Snow.vfx using Guid(6551fe1d6a79bbe4c9b8c25379a4a9ed) Importer(815301076,1909f56bfc062723c751e8b465ee728b)  -> (artifact id: '05bb71d7c9f1db0dad477016ad2e39f1') in 0.076734 seconds 
========================================================================
Received Import Request.
  Time since last request: 3.734020 seconds.
  path: Assets/Particles/Snow.vfx
  artifactKey: Guid(6551fe1d6a79bbe4c9b8c25379a4a9ed) Importer(815301076,1909f56bfc062723c751e8b465ee728b)
Start importing Assets/Particles/Snow.vfx using Guid(6551fe1d6a79bbe4c9b8c25379a4a9ed) Importer(815301076,1909f56bfc062723c751e8b465ee728b)  -> (artifact id: '209749211c3ab450c725cbc312233786') in 0.074332 seconds 
========================================================================
Received Prepare
Registering precompiled user dll's ...
Registered in 0.022819 seconds.
Begin MonoManager ReloadAssembly
Symbol file LoadedFromMemory doesn't match image D:\Morga\Documents\VFXGraph\Library\PackageCache\com.unity.visualscripting@1.7.5\Editor\VisualScripting.Core\Dependencies\YamlDotNet\Unity.VisualScripting.YamlDotNet.dll
Symbol file LoadedFromMemory doesn't match image D:\Morga\Documents\VFXGraph\Library\PackageCache\com.unity.visualscripting@1.7.5\Editor\VisualScripting.Core\Dependencies\DotNetZip\Unity.VisualScripting.IonicZip.dll
Native extension for WindowsStandalone target not found
Native extension for WebGL target not found
Refreshing native plugins compatible for Editor in 1.18 ms, found 3 plugins.
Preloading 0 native plugins for Editor in 0.00 ms.
Mono: successfully reloaded assembly
- Completed reload, in  2.979 seconds
Domain Reload Profiling:
	ReloadAssembly (2983ms)
		BeginReloadAssembly (352ms)
			ExecutionOrderSort (0ms)
			DisableScriptedObjects (59ms)
			BackupInstance (0ms)
			ReleaseScriptingObjects (0ms)
			CreateAndSetChildDomain (116ms)
		EndReloadAssembly (2477ms)
			LoadAssemblies (196ms)
			RebuildTransferFunctionScriptingTraits (0ms)
			SetupTypeCache (470ms)
			ReleaseScriptCaches (3ms)
			RebuildScriptCaches (196ms)
			SetupLoadedEditorAssemblies (1164ms)
				LogAssemblyErrors (0ms)
				InitializePlatformSupportModulesInManaged (28ms)
				SetLoadedEditorAssemblies (1ms)
				RefreshPlugins (1ms)
				BeforeProcessingInitializeOnLoad (197ms)
				ProcessInitializeOnLoadAttributes (859ms)
				ProcessInitializeOnLoadMethodAttributes (42ms)
				AfterProcessingInitializeOnLoad (36ms)
				EditorAssembliesLoaded (0ms)
			ExecutionOrderSort2 (0ms)
			AwakeInstancesAfterBackupRestoration (42ms)
Platform modules already initialized, skipping
Refreshing native plugins compatible for Editor in 1.46 ms, found 3 plugins.
Preloading 0 native plugins for Editor in 0.00 ms.
Unloading 6546 Unused Serialized files (Serialized files now loaded: 0)
Unloading 95 unused Assets / (7.2 MB). Loaded Objects now: 7738.
Memory consumption went from 328.3 MB to 321.1 MB.
Total: 9.578800 ms (FindLiveObjects: 0.734200 ms CreateObjectMapping: 0.818100 ms MarkObjects: 6.148000 ms  DeleteObjects: 1.876200 ms)

AssetImportParameters requested are different than current active one (requested -> active):
  custom:video-decoder-ogg-theora: a1e56fd34408186e4bbccfd4996cb3dc -> 
  custom:container-muxer-webm: aa71ff27fc2769a1b78a27578f13a17b -> 
  custom:container-demuxer-webm: 4f35f7cbe854078d1ac9338744f61a02 -> 
  custom:video-encoder-webm-vp8: eb34c28f22e8b96e1ab97ce403110664 -> 
  custom:audio-encoder-webm-vorbis: bf7c407c2cedff20999df2af8eb42d56 -> 
  custom:framework-win-MediaFoundation: 216162199b28c13a410421893ffa2e32 -> 
  custom:container-demuxer-ogg: 62fdf1f143b41e24485cea50d1cbac27 -> 
  custom:video-decoder-webm-vp8: 9c59270c3fd7afecdb556c50c9e8de78 -> 
  custom:audio-decoder-ogg-vorbis: bf7c407c2cedff20999df2af8eb42d56 -> 
========================================================================
Received Prepare
Registering precompiled user dll's ...
Registered in 0.023116 seconds.
Begin MonoManager ReloadAssembly
Symbol file LoadedFromMemory doesn't match image D:\Morga\Documents\VFXGraph\Library\PackageCache\com.unity.visualscripting@1.7.5\Editor\VisualScripting.Core\Dependencies\YamlDotNet\Unity.VisualScripting.YamlDotNet.dll
Symbol file LoadedFromMemory doesn't match image D:\Morga\Documents\VFXGraph\Library\PackageCache\com.unity.visualscripting@1.7.5\Editor\VisualScripting.Core\Dependencies\DotNetZip\Unity.VisualScripting.IonicZip.dll
Native extension for WindowsStandalone target not found
Native extension for WebGL target not found
Refreshing native plugins compatible for Editor in 2.66 ms, found 3 plugins.
Preloading 0 native plugins for Editor in 0.00 ms.
Mono: successfully reloaded assembly
- Completed reload, in  2.912 seconds
Domain Reload Profiling:
	ReloadAssembly (2913ms)
		BeginReloadAssembly (243ms)
			ExecutionOrderSort (0ms)
			DisableScriptedObjects (8ms)
			BackupInstance (0ms)
			ReleaseScriptingObjects (0ms)
			CreateAndSetChildDomain (54ms)
		EndReloadAssembly (2487ms)
			LoadAssemblies (222ms)
			RebuildTransferFunctionScriptingTraits (0ms)
			SetupTypeCache (445ms)
			ReleaseScriptCaches (3ms)
			RebuildScriptCaches (100ms)
			SetupLoadedEditorAssemblies (1268ms)
				LogAssemblyErrors (0ms)
				InitializePlatformSupportModulesInManaged (27ms)
				SetLoadedEditorAssemblies (1ms)
				RefreshPlugins (3ms)
				BeforeProcessingInitializeOnLoad (230ms)
				ProcessInitializeOnLoadAttributes (924ms)
				ProcessInitializeOnLoadMethodAttributes (53ms)
				AfterProcessingInitializeOnLoad (30ms)
				EditorAssembliesLoaded (0ms)
			ExecutionOrderSort2 (0ms)
			AwakeInstancesAfterBackupRestoration (39ms)
Platform modules already initialized, skipping
Refreshing native plugins compatible for Editor in 2.47 ms, found 3 plugins.
Preloading 0 native plugins for Editor in 0.00 ms.
Unloading 6545 Unused Serialized files (Serialized files now loaded: 0)
Unloading 95 unused Assets / (7.2 MB). Loaded Objects now: 7752.
Memory consumption went from 328.0 MB to 320.8 MB.
Total: 14.073000 ms (FindLiveObjects: 1.235200 ms CreateObjectMapping: 1.368300 ms MarkObjects: 8.583300 ms  DeleteObjects: 2.884500 ms)

AssetImportParameters requested are different than current active one (requested -> active):
  custom:video-decoder-ogg-theora: a1e56fd34408186e4bbccfd4996cb3dc -> 
  custom:container-muxer-webm: aa71ff27fc2769a1b78a27578f13a17b -> 
  custom:container-demuxer-webm: 4f35f7cbe854078d1ac9338744f61a02 -> 
  custom:video-encoder-webm-vp8: eb34c28f22e8b96e1ab97ce403110664 -> 
  custom:audio-encoder-webm-vorbis: bf7c407c2cedff20999df2af8eb42d56 -> 
  custom:framework-win-MediaFoundation: 216162199b28c13a410421893ffa2e32 -> 
  custom:container-demuxer-ogg: 62fdf1f143b41e24485cea50d1cbac27 -> 
  custom:video-decoder-webm-vp8: 9c59270c3fd7afecdb556c50c9e8de78 -> 
  custom:audio-decoder-ogg-vorbis: bf7c407c2cedff20999df2af8eb42d56 -> 
========================================================================
Received Import Request.
  Time since last request: 158.129498 seconds.
  path: Assets/Particles/Snow.vfx
  artifactKey: Guid(6551fe1d6a79bbe4c9b8c25379a4a9ed) Importer(815301076,1909f56bfc062723c751e8b465ee728b)
Start importing Assets/Particles/Snow.vfx using Guid(6551fe1d6a79bbe4c9b8c25379a4a9ed) Importer(815301076,1909f56bfc062723c751e8b465ee728b)  -> (artifact id: 'c058b7f959b07ba2b045ac61a5684d07') in 1.146379 seconds 
========================================================================
Received Import Request.
  Time since last request: 19.839757 seconds.
  path: Assets/Particles/Snow.vfx
  artifactKey: Guid(6551fe1d6a79bbe4c9b8c25379a4a9ed) Importer(815301076,1909f56bfc062723c751e8b465ee728b)
Start importing Assets/Particles/Snow.vfx using Guid(6551fe1d6a79bbe4c9b8c25379a4a9ed) Importer(815301076,1909f56bfc062723c751e8b465ee728b)  -> (artifact id: '0bbe78447992dcbb17ead658b7e9aa73') in 0.036524 seconds 
========================================================================
Received Import Request.
  Time since last request: 50.417570 seconds.
  path: Assets/Particles/Snow.vfx
  artifactKey: Guid(6551fe1d6a79bbe4c9b8c25379a4a9ed) Importer(815301076,1909f56bfc062723c751e8b465ee728b)
Start importing Assets/Particles/Snow.vfx using Guid(6551fe1d6a79bbe4c9b8c25379a4a9ed) Importer(815301076,1909f56bfc062723c751e8b465ee728b)  -> (artifact id: 'b0e66dff629c356491d563555ba4aa5f') in 0.025725 seconds 
========================================================================
Received Import Request.
  Time since last request: 0.501498 seconds.
  path: Assets/Particles/Snow.vfx
  artifactKey: Guid(6551fe1d6a79bbe4c9b8c25379a4a9ed) Importer(815301076,1909f56bfc062723c751e8b465ee728b)
Start importing Assets/Particles/Snow.vfx using Guid(6551fe1d6a79bbe4c9b8c25379a4a9ed) Importer(815301076,1909f56bfc062723c751e8b465ee728b)  -> (artifact id: 'fd39d8e51ddcd5d216f83cbea6ab7cf1') in 0.031607 seconds 
========================================================================
Received Prepare
Registering precompiled user dll's ...
Registered in 0.028235 seconds.
Begin MonoManager ReloadAssembly
Symbol file LoadedFromMemory doesn't match image D:\Morga\Documents\VFXGraph\Library\PackageCache\com.unity.visualscripting@1.7.5\Editor\VisualScripting.Core\Dependencies\YamlDotNet\Unity.VisualScripting.YamlDotNet.dll
Symbol file LoadedFromMemory doesn't match image D:\Morga\Documents\VFXGraph\Library\PackageCache\com.unity.visualscripting@1.7.5\Editor\VisualScripting.Core\Dependencies\DotNetZip\Unity.VisualScripting.IonicZip.dll
Native extension for WindowsStandalone target not found
Native extension for WebGL target not found
Refreshing native plugins compatible for Editor in 1.99 ms, found 3 plugins.
Preloading 0 native plugins for Editor in 0.00 ms.
Mono: successfully reloaded assembly
- Completed reload, in  2.943 seconds
Domain Reload Profiling:
	ReloadAssembly (2944ms)
		BeginReloadAssembly (293ms)
			ExecutionOrderSort (0ms)
			DisableScriptedObjects (39ms)
			BackupInstance (0ms)
			ReleaseScriptingObjects (0ms)
			CreateAndSetChildDomain (68ms)
		EndReloadAssembly (2485ms)
			LoadAssemblies (179ms)
			RebuildTransferFunctionScriptingTraits (0ms)
			SetupTypeCache (454ms)
			ReleaseScriptCaches (3ms)
			RebuildScriptCaches (90ms)
			SetupLoadedEditorAssemblies (1296ms)
				LogAssemblyErrors (0ms)
				InitializePlatformSupportModulesInManaged (31ms)
				SetLoadedEditorAssemblies (1ms)
				RefreshPlugins (2ms)
				BeforeProcessingInitializeOnLoad (212ms)
				ProcessInitializeOnLoadAttributes (925ms)
				ProcessInitializeOnLoadMethodAttributes (89ms)
				AfterProcessingInitializeOnLoad (36ms)
				EditorAssembliesLoaded (0ms)
			ExecutionOrderSort2 (0ms)
			AwakeInstancesAfterBackupRestoration (53ms)
Platform modules already initialized, skipping
Refreshing native plugins compatible for Editor in 2.17 ms, found 3 plugins.
Preloading 0 native plugins for Editor in 0.00 ms.
Unloading 6545 Unused Serialized files (Serialized files now loaded: 0)
Unloading 95 unused Assets / (7.2 MB). Loaded Objects now: 7875.
Memory consumption went from 328.4 MB to 321.2 MB.
Total: 9.955400 ms (FindLiveObjects: 0.678000 ms CreateObjectMapping: 0.617700 ms MarkObjects: 5.412300 ms  DeleteObjects: 3.245700 ms)

AssetImportParameters requested are different than current active one (requested -> active):
  custom:video-decoder-ogg-theora: a1e56fd34408186e4bbccfd4996cb3dc -> 
  custom:container-muxer-webm: aa71ff27fc2769a1b78a27578f13a17b -> 
  custom:container-demuxer-webm: 4f35f7cbe854078d1ac9338744f61a02 -> 
  custom:video-encoder-webm-vp8: eb34c28f22e8b96e1ab97ce403110664 -> 
  custom:audio-encoder-webm-vorbis: bf7c407c2cedff20999df2af8eb42d56 -> 
  custom:framework-win-MediaFoundation: 216162199b28c13a410421893ffa2e32 -> 
  custom:container-demuxer-ogg: 62fdf1f143b41e24485cea50d1cbac27 -> 
  custom:video-decoder-webm-vp8: 9c59270c3fd7afecdb556c50c9e8de78 -> 
  custom:audio-decoder-ogg-vorbis: bf7c407c2cedff20999df2af8eb42d56 -> 
========================================================================
Received Import Request.
  Time since last request: 91.774676 seconds.
  path: Assets/Particles/Snow.vfx
  artifactKey: Guid(6551fe1d6a79bbe4c9b8c25379a4a9ed) Importer(815301076,1909f56bfc062723c751e8b465ee728b)
Start importing Assets/Particles/Snow.vfx using Guid(6551fe1d6a79bbe4c9b8c25379a4a9ed) Importer(815301076,1909f56bfc062723c751e8b465ee728b)  -> (artifact id: '0a80769e53744ac0b7b74e0767103ebb') in 1.122836 seconds 
========================================================================
Received Import Request.
  Time since last request: 15.228074 seconds.
  path: Assets/Particles/Snow.vfx
  artifactKey: Guid(6551fe1d6a79bbe4c9b8c25379a4a9ed) Importer(815301076,1909f56bfc062723c751e8b465ee728b)
Start importing Assets/Particles/Snow.vfx using Guid(6551fe1d6a79bbe4c9b8c25379a4a9ed) Importer(815301076,1909f56bfc062723c751e8b465ee728b)  -> (artifact id: 'f07e8d556b7cbf4675e6ac59c5d57174') in 0.060841 seconds 
========================================================================
Received Import Request.
  Time since last request: 12.016134 seconds.
  path: Assets/Particles/Snow.vfx
  artifactKey: Guid(6551fe1d6a79bbe4c9b8c25379a4a9ed) Importer(815301076,1909f56bfc062723c751e8b465ee728b)
Start importing Assets/Particles/Snow.vfx using Guid(6551fe1d6a79bbe4c9b8c25379a4a9ed) Importer(815301076,1909f56bfc062723c751e8b465ee728b)  -> (artifact id: '2daee3de6c9a5a8b3bee48543544e167') in 0.026447 seconds 
========================================================================
Received Import Request.
  Time since last request: 20.067431 seconds.
  path: Assets/Particles/Snow.vfx
  artifactKey: Guid(6551fe1d6a79bbe4c9b8c25379a4a9ed) Importer(815301076,1909f56bfc062723c751e8b465ee728b)
Start importing Assets/Particles/Snow.vfx using Guid(6551fe1d6a79bbe4c9b8c25379a4a9ed) Importer(815301076,1909f56bfc062723c751e8b465ee728b)  -> (artifact id: 'f6d23264fafa808492385d53656e0f65') in 0.061474 seconds 
========================================================================
Received Import Request.
  Time since last request: 28.076422 seconds.
  path: Assets/Particles/Snow.vfx
  artifactKey: Guid(6551fe1d6a79bbe4c9b8c25379a4a9ed) Importer(815301076,1909f56bfc062723c751e8b465ee728b)
Start importing Assets/Particles/Snow.vfx using Guid(6551fe1d6a79bbe4c9b8c25379a4a9ed) Importer(815301076,1909f56bfc062723c751e8b465ee728b)  -> (artifact id: '5ee4d00c841ab49a9163240e9ee6b99a') in 0.037522 seconds 
========================================================================
Received Import Request.
  Time since last request: 1.475388 seconds.
  path: Assets/Particles/Snow.vfx
  artifactKey: Guid(6551fe1d6a79bbe4c9b8c25379a4a9ed) Importer(815301076,1909f56bfc062723c751e8b465ee728b)
Start importing Assets/Particles/Snow.vfx using Guid(6551fe1d6a79bbe4c9b8c25379a4a9ed) Importer(815301076,1909f56bfc062723c751e8b465ee728b)  -> (artifact id: '6856a6ae4a3b698a95f67d92c12c2960') in 0.029069 seconds 
========================================================================
Received Import Request.
  Time since last request: 30.411256 seconds.
  path: Assets/Particles/Snow.vfx
  artifactKey: Guid(6551fe1d6a79bbe4c9b8c25379a4a9ed) Importer(815301076,1909f56bfc062723c751e8b465ee728b)
Start importing Assets/Particles/Snow.vfx using Guid(6551fe1d6a79bbe4c9b8c25379a4a9ed) Importer(815301076,1909f56bfc062723c751e8b465ee728b)  -> (artifact id: '49fc1852b431d423ea238bb8a65e8d98') in 0.024855 seconds 
========================================================================
Received Import Request.
  Time since last request: 19.051286 seconds.
  path: Assets/Particles/Snow.vfx
  artifactKey: Guid(6551fe1d6a79bbe4c9b8c25379a4a9ed) Importer(815301076,1909f56bfc062723c751e8b465ee728b)
Start importing Assets/Particles/Snow.vfx using Guid(6551fe1d6a79bbe4c9b8c25379a4a9ed) Importer(815301076,1909f56bfc062723c751e8b465ee728b)  -> (artifact id: '9aa4a2653ae938bb35bc5ccc3a546614') in 0.054497 seconds 
========================================================================
Received Import Request.
  Time since last request: 32.882886 seconds.
  path: Assets/Particles/Snow.vfx
  artifactKey: Guid(6551fe1d6a79bbe4c9b8c25379a4a9ed) Importer(815301076,1909f56bfc062723c751e8b465ee728b)
Start importing Assets/Particles/Snow.vfx using Guid(6551fe1d6a79bbe4c9b8c25379a4a9ed) Importer(815301076,1909f56bfc062723c751e8b465ee728b)  -> (artifact id: '913d1000ee0ddc2ecc05505581bdcd03') in 0.033350 seconds 
========================================================================
Received Import Request.
  Time since last request: 1.876858 seconds.
  path: Assets/Particles/Snow.vfx
  artifactKey: Guid(6551fe1d6a79bbe4c9b8c25379a4a9ed) Importer(815301076,1909f56bfc062723c751e8b465ee728b)
Start importing Assets/Particles/Snow.vfx using Guid(6551fe1d6a79bbe4c9b8c25379a4a9ed) Importer(815301076,1909f56bfc062723c751e8b465ee728b)  -> (artifact id: '49e73a9231e7c03f90458c21e83bda3f') in 0.041411 seconds 
========================================================================
Received Import Request.
  Time since last request: 22.441271 seconds.
  path: Assets/Particles/Snow.vfx
  artifactKey: Guid(6551fe1d6a79bbe4c9b8c25379a4a9ed) Importer(815301076,1909f56bfc062723c751e8b465ee728b)
Start importing Assets/Particles/Snow.vfx using Guid(6551fe1d6a79bbe4c9b8c25379a4a9ed) Importer(815301076,1909f56bfc062723c751e8b465ee728b)  -> (artifact id: '9fb6af6a9c86d98b9c9b8ecda9be8a3a') in 0.027961 seconds 
========================================================================
Received Import Request.
  Time since last request: 33.445300 seconds.
  path: Assets/Particles/Snow.vfx
  artifactKey: Guid(6551fe1d6a79bbe4c9b8c25379a4a9ed) Importer(815301076,1909f56bfc062723c751e8b465ee728b)
Start importing Assets/Particles/Snow.vfx using Guid(6551fe1d6a79bbe4c9b8c25379a4a9ed) Importer(815301076,1909f56bfc062723c751e8b465ee728b)  -> (artifact id: '2487baccf0965687752c71f626f8ea01') in 0.021608 seconds 
========================================================================
Received Import Request.
  Time since last request: 18.337637 seconds.
  path: Assets/Particles/Snow.vfx
  artifactKey: Guid(6551fe1d6a79bbe4c9b8c25379a4a9ed) Importer(815301076,1909f56bfc062723c751e8b465ee728b)
Start importing Assets/Particles/Snow.vfx using Guid(6551fe1d6a79bbe4c9b8c25379a4a9ed) Importer(815301076,1909f56bfc062723c751e8b465ee728b)  -> (artifact id: 'fa2eb0c9c89b99b34c9705ea225edbdc') in 0.022770 seconds 
========================================================================
Received Import Request.
  Time since last request: 37.474089 seconds.
  path: Assets/Particles/Snow.vfx
  artifactKey: Guid(6551fe1d6a79bbe4c9b8c25379a4a9ed) Importer(815301076,1909f56bfc062723c751e8b465ee728b)
Start importing Assets/Particles/Snow.vfx using Guid(6551fe1d6a79bbe4c9b8c25379a4a9ed) Importer(815301076,1909f56bfc062723c751e8b465ee728b)  -> (artifact id: '817b4902185e1699f6b27cbb69d74dcc') in 0.022645 seconds 
========================================================================
Received Import Request.
  Time since last request: 38.954120 seconds.
  path: Assets/Particles/Snow.vfx
  artifactKey: Guid(6551fe1d6a79bbe4c9b8c25379a4a9ed) Importer(815301076,1909f56bfc062723c751e8b465ee728b)
Start importing Assets/Particles/Snow.vfx using Guid(6551fe1d6a79bbe4c9b8c25379a4a9ed) Importer(815301076,1909f56bfc062723c751e8b465ee728b)  -> (artifact id: '78fb269a2cbb1e038c070a11ff016316') in 0.032477 seconds 
========================================================================
Received Import Request.
  Time since last request: 28.025668 seconds.
  path: Assets/Particles/Snow.vfx
  artifactKey: Guid(6551fe1d6a79bbe4c9b8c25379a4a9ed) Importer(815301076,1909f56bfc062723c751e8b465ee728b)
Start importing Assets/Particles/Snow.vfx using Guid(6551fe1d6a79bbe4c9b8c25379a4a9ed) Importer(815301076,1909f56bfc062723c751e8b465ee728b)  -> (artifact id: '53e819c769298a53ca5674ea98327540') in 0.022738 seconds 
========================================================================
Received Import Request.
  Time since last request: 21.995008 seconds.
  path: Assets/Particles/Snow.vfx
  artifactKey: Guid(6551fe1d6a79bbe4c9b8c25379a4a9ed) Importer(815301076,1909f56bfc062723c751e8b465ee728b)
Start importing Assets/Particles/Snow.vfx using Guid(6551fe1d6a79bbe4c9b8c25379a4a9ed) Importer(815301076,1909f56bfc062723c751e8b465ee728b)  -> (artifact id: '89b4e37b3bfc6a495c1ae6c6c46013f7') in 0.027186 seconds 
========================================================================
Received Import Request.
  Time since last request: 24.152468 seconds.
  path: Assets/Particles/Snow.vfx
  artifactKey: Guid(6551fe1d6a79bbe4c9b8c25379a4a9ed) Importer(815301076,1909f56bfc062723c751e8b465ee728b)
Start importing Assets/Particles/Snow.vfx using Guid(6551fe1d6a79bbe4c9b8c25379a4a9ed) Importer(815301076,1909f56bfc062723c751e8b465ee728b)  -> (artifact id: 'abeb213632d7c452a5f86b343e1b9018') in 0.027474 seconds 
========================================================================
Received Import Request.
  Time since last request: 33.088119 seconds.
  path: Assets/Particles/Snow.vfx
  artifactKey: Guid(6551fe1d6a79bbe4c9b8c25379a4a9ed) Importer(815301076,1909f56bfc062723c751e8b465ee728b)
Start importing Assets/Particles/Snow.vfx using Guid(6551fe1d6a79bbe4c9b8c25379a4a9ed) Importer(815301076,1909f56bfc062723c751e8b465ee728b)  -> (artifact id: '27333deec03a260d13c08880a17d9bac') in 0.031186 seconds 
========================================================================
Received Import Request.
  Time since last request: 3.310705 seconds.
  path: Assets/Particles/Snow.vfx
  artifactKey: Guid(6551fe1d6a79bbe4c9b8c25379a4a9ed) Importer(815301076,1909f56bfc062723c751e8b465ee728b)
Start importing Assets/Particles/Snow.vfx using Guid(6551fe1d6a79bbe4c9b8c25379a4a9ed) Importer(815301076,1909f56bfc062723c751e8b465ee728b)  -> (artifact id: 'f03e186baa787d94e08d4ace2fe9eb6a') in 0.028546 seconds 
========================================================================
Received Import Request.
  Time since last request: 90.179806 seconds.
  path: Assets/Particles/Snow.vfx
  artifactKey: Guid(6551fe1d6a79bbe4c9b8c25379a4a9ed) Importer(815301076,1909f56bfc062723c751e8b465ee728b)
Start importing Assets/Particles/Snow.vfx using Guid(6551fe1d6a79bbe4c9b8c25379a4a9ed) Importer(815301076,1909f56bfc062723c751e8b465ee728b)  -> (artifact id: 'eeab7c965f683a80232f9aa94a6f640e') in 0.038572 seconds 
========================================================================
Received Prepare
Registering precompiled user dll's ...
Registered in 0.021975 seconds.
Begin MonoManager ReloadAssembly
Symbol file LoadedFromMemory doesn't match image D:\Morga\Documents\VFXGraph\Library\PackageCache\com.unity.visualscripting@1.7.5\Editor\VisualScripting.Core\Dependencies\YamlDotNet\Unity.VisualScripting.YamlDotNet.dll
Symbol file LoadedFromMemory doesn't match image D:\Morga\Documents\VFXGraph\Library\PackageCache\com.unity.visualscripting@1.7.5\Editor\VisualScripting.Core\Dependencies\DotNetZip\Unity.VisualScripting.IonicZip.dll
Native extension for WindowsStandalone target not found
Native extension for WebGL target not found
Refreshing native plugins compatible for Editor in 1.18 ms, found 3 plugins.
Preloading 0 native plugins for Editor in 0.00 ms.
Mono: successfully reloaded assembly
- Completed reload, in  2.920 seconds
Domain Reload Profiling:
	ReloadAssembly (2921ms)
		BeginReloadAssembly (295ms)
			ExecutionOrderSort (0ms)
			DisableScriptedObjects (54ms)
			BackupInstance (0ms)
			ReleaseScriptingObjects (0ms)
			CreateAndSetChildDomain (71ms)
		EndReloadAssembly (2471ms)
			LoadAssemblies (185ms)
			RebuildTransferFunctionScriptingTraits (0ms)
			SetupTypeCache (434ms)
			ReleaseScriptCaches (4ms)
			RebuildScriptCaches (93ms)
			SetupLoadedEditorAssemblies (1248ms)
				LogAssemblyErrors (0ms)
				InitializePlatformSupportModulesInManaged (21ms)
				SetLoadedEditorAssemblies (1ms)
				RefreshPlugins (1ms)
				BeforeProcessingInitializeOnLoad (193ms)
				ProcessInitializeOnLoadAttributes (947ms)
				ProcessInitializeOnLoadMethodAttributes (49ms)
				AfterProcessingInitializeOnLoad (36ms)
				EditorAssembliesLoaded (0ms)
			ExecutionOrderSort2 (0ms)
			AwakeInstancesAfterBackupRestoration (55ms)
Platform modules already initialized, skipping
Refreshing native plugins compatible for Editor in 1.56 ms, found 3 plugins.
Preloading 0 native plugins for Editor in 0.00 ms.
Unloading 6545 Unused Serialized files (Serialized files now loaded: 0)
Unloading 95 unused Assets / (7.2 MB). Loaded Objects now: 7998.
Memory consumption went from 328.5 MB to 321.3 MB.
Total: 10.517600 ms (FindLiveObjects: 0.697200 ms CreateObjectMapping: 0.711400 ms MarkObjects: 6.425200 ms  DeleteObjects: 2.682400 ms)

AssetImportParameters requested are different than current active one (requested -> active):
  custom:video-decoder-ogg-theora: a1e56fd34408186e4bbccfd4996cb3dc -> 
  custom:container-muxer-webm: aa71ff27fc2769a1b78a27578f13a17b -> 
  custom:container-demuxer-webm: 4f35f7cbe854078d1ac9338744f61a02 -> 
  custom:video-encoder-webm-vp8: eb34c28f22e8b96e1ab97ce403110664 -> 
  custom:audio-encoder-webm-vorbis: bf7c407c2cedff20999df2af8eb42d56 -> 
  custom:framework-win-MediaFoundation: 216162199b28c13a410421893ffa2e32 -> 
  custom:container-demuxer-ogg: 62fdf1f143b41e24485cea50d1cbac27 -> 
  custom:video-decoder-webm-vp8: 9c59270c3fd7afecdb556c50c9e8de78 -> 
  custom:audio-decoder-ogg-vorbis: bf7c407c2cedff20999df2af8eb42d56 -> 
========================================================================
Received Import Request.
  Time since last request: 70.183621 seconds.
  path: Assets/Particles/Snow.vfx
  artifactKey: Guid(6551fe1d6a79bbe4c9b8c25379a4a9ed) Importer(815301076,1909f56bfc062723c751e8b465ee728b)
Start importing Assets/Particles/Snow.vfx using Guid(6551fe1d6a79bbe4c9b8c25379a4a9ed) Importer(815301076,1909f56bfc062723c751e8b465ee728b)  -> (artifact id: '060a8680b042c7a62ef50e293a43ed8c') in 1.054277 seconds 
========================================================================
Received Import Request.
  Time since last request: 2.618030 seconds.
  path: Assets/Particles/Snow.vfx
  artifactKey: Guid(6551fe1d6a79bbe4c9b8c25379a4a9ed) Importer(815301076,1909f56bfc062723c751e8b465ee728b)
Start importing Assets/Particles/Snow.vfx using Guid(6551fe1d6a79bbe4c9b8c25379a4a9ed) Importer(815301076,1909f56bfc062723c751e8b465ee728b)  -> (artifact id: '86ceea137bb4887638d8f66de3a6625a') in 0.111510 seconds 
========================================================================
Received Import Request.
  Time since last request: 21.619574 seconds.
  path: Assets/Particles/Snow.vfx
  artifactKey: Guid(6551fe1d6a79bbe4c9b8c25379a4a9ed) Importer(815301076,1909f56bfc062723c751e8b465ee728b)
Start importing Assets/Particles/Snow.vfx using Guid(6551fe1d6a79bbe4c9b8c25379a4a9ed) Importer(815301076,1909f56bfc062723c751e8b465ee728b)  -> (artifact id: '511205783ca08991bea8322c1a82f6b6') in 0.036330 seconds 
========================================================================
Received Import Request.
  Time since last request: 22.167306 seconds.
  path: Assets/Particles/Snow.vfx
  artifactKey: Guid(6551fe1d6a79bbe4c9b8c25379a4a9ed) Importer(815301076,1909f56bfc062723c751e8b465ee728b)
Start importing Assets/Particles/Snow.vfx using Guid(6551fe1d6a79bbe4c9b8c25379a4a9ed) Importer(815301076,1909f56bfc062723c751e8b465ee728b)  -> (artifact id: '86e5b5aea696818e066bf1cd4b46e7be') in 0.023208 seconds 
========================================================================
Received Prepare
Registering precompiled user dll's ...
Registered in 0.025068 seconds.
Begin MonoManager ReloadAssembly
Symbol file LoadedFromMemory doesn't match image D:\Morga\Documents\VFXGraph\Library\PackageCache\com.unity.visualscripting@1.7.5\Editor\VisualScripting.Core\Dependencies\YamlDotNet\Unity.VisualScripting.YamlDotNet.dll
Symbol file LoadedFromMemory doesn't match image D:\Morga\Documents\VFXGraph\Library\PackageCache\com.unity.visualscripting@1.7.5\Editor\VisualScripting.Core\Dependencies\DotNetZip\Unity.VisualScripting.IonicZip.dll
Native extension for WindowsStandalone target not found
Native extension for WebGL target not found
Refreshing native plugins compatible for Editor in 1.47 ms, found 3 plugins.
Preloading 0 native plugins for Editor in 0.00 ms.
Mono: successfully reloaded assembly
- Completed reload, in  2.814 seconds
Domain Reload Profiling:
	ReloadAssembly (2815ms)
		BeginReloadAssembly (286ms)
			ExecutionOrderSort (0ms)
			DisableScriptedObjects (41ms)
			BackupInstance (0ms)
			ReleaseScriptingObjects (0ms)
			CreateAndSetChildDomain (68ms)
		EndReloadAssembly (2373ms)
			LoadAssemblies (177ms)
			RebuildTransferFunctionScriptingTraits (0ms)
			SetupTypeCache (422ms)
			ReleaseScriptCaches (3ms)
			RebuildScriptCaches (87ms)
			SetupLoadedEditorAssemblies (1242ms)
				LogAssemblyErrors (0ms)
				InitializePlatformSupportModulesInManaged (26ms)
				SetLoadedEditorAssemblies (1ms)
				RefreshPlugins (3ms)
				BeforeProcessingInitializeOnLoad (228ms)
				ProcessInitializeOnLoadAttributes (896ms)
				ProcessInitializeOnLoadMethodAttributes (49ms)
				AfterProcessingInitializeOnLoad (40ms)
				EditorAssembliesLoaded (0ms)
			ExecutionOrderSort2 (0ms)
			AwakeInstancesAfterBackupRestoration (68ms)
Platform modules already initialized, skipping
Refreshing native plugins compatible for Editor in 1.26 ms, found 3 plugins.
Preloading 0 native plugins for Editor in 0.00 ms.
Unloading 6545 Unused Serialized files (Serialized files now loaded: 0)
Unloading 95 unused Assets / (7.2 MB). Loaded Objects now: 8121.
Memory consumption went from 328.7 MB to 321.4 MB.
Total: 13.239700 ms (FindLiveObjects: 0.967200 ms CreateObjectMapping: 0.903700 ms MarkObjects: 6.835800 ms  DeleteObjects: 4.531300 ms)

AssetImportParameters requested are different than current active one (requested -> active):
  custom:video-decoder-ogg-theora: a1e56fd34408186e4bbccfd4996cb3dc -> 
  custom:container-muxer-webm: aa71ff27fc2769a1b78a27578f13a17b -> 
  custom:container-demuxer-webm: 4f35f7cbe854078d1ac9338744f61a02 -> 
  custom:video-encoder-webm-vp8: eb34c28f22e8b96e1ab97ce403110664 -> 
  custom:audio-encoder-webm-vorbis: bf7c407c2cedff20999df2af8eb42d56 -> 
  custom:framework-win-MediaFoundation: 216162199b28c13a410421893ffa2e32 -> 
  custom:container-demuxer-ogg: 62fdf1f143b41e24485cea50d1cbac27 -> 
  custom:video-decoder-webm-vp8: 9c59270c3fd7afecdb556c50c9e8de78 -> 
  custom:audio-decoder-ogg-vorbis: bf7c407c2cedff20999df2af8eb42d56 -> 
========================================================================
Received Prepare
Registering precompiled user dll's ...
Registered in 0.022192 seconds.
Begin MonoManager ReloadAssembly
Symbol file LoadedFromMemory doesn't match image D:\Morga\Documents\VFXGraph\Library\PackageCache\com.unity.visualscripting@1.7.5\Editor\VisualScripting.Core\Dependencies\YamlDotNet\Unity.VisualScripting.YamlDotNet.dll
Symbol file LoadedFromMemory doesn't match image D:\Morga\Documents\VFXGraph\Library\PackageCache\com.unity.visualscripting@1.7.5\Editor\VisualScripting.Core\Dependencies\DotNetZip\Unity.VisualScripting.IonicZip.dll
Native extension for WindowsStandalone target not found
Native extension for WebGL target not found
Refreshing native plugins compatible for Editor in 8.28 ms, found 3 plugins.
Preloading 0 native plugins for Editor in 0.00 ms.
Mono: successfully reloaded assembly
- Completed reload, in  2.766 seconds
Domain Reload Profiling:
	ReloadAssembly (2767ms)
		BeginReloadAssembly (260ms)
			ExecutionOrderSort (0ms)
			DisableScriptedObjects (9ms)
			BackupInstance (0ms)
			ReleaseScriptingObjects (0ms)
			CreateAndSetChildDomain (82ms)
		EndReloadAssembly (2329ms)
			LoadAssemblies (174ms)
			RebuildTransferFunctionScriptingTraits (0ms)
			SetupTypeCache (481ms)
			ReleaseScriptCaches (3ms)
			RebuildScriptCaches (89ms)
			SetupLoadedEditorAssemblies (1191ms)
				LogAssemblyErrors (0ms)
				InitializePlatformSupportModulesInManaged (30ms)
				SetLoadedEditorAssemblies (2ms)
				RefreshPlugins (8ms)
				BeforeProcessingInitializeOnLoad (215ms)
				ProcessInitializeOnLoadAttributes (856ms)
				ProcessInitializeOnLoadMethodAttributes (49ms)
				AfterProcessingInitializeOnLoad (30ms)
				EditorAssembliesLoaded (0ms)
			ExecutionOrderSort2 (0ms)
			AwakeInstancesAfterBackupRestoration (39ms)
Platform modules already initialized, skipping
Refreshing native plugins compatible for Editor in 1.17 ms, found 3 plugins.
Preloading 0 native plugins for Editor in 0.00 ms.
Unloading 6545 Unused Serialized files (Serialized files now loaded: 0)
Unloading 95 unused Assets / (7.2 MB). Loaded Objects now: 8135.
Memory consumption went from 328.5 MB to 321.2 MB.
Total: 7.644600 ms (FindLiveObjects: 0.761000 ms CreateObjectMapping: 0.610100 ms MarkObjects: 3.436700 ms  DeleteObjects: 2.835200 ms)

AssetImportParameters requested are different than current active one (requested -> active):
  custom:video-decoder-ogg-theora: a1e56fd34408186e4bbccfd4996cb3dc -> 
  custom:container-muxer-webm: aa71ff27fc2769a1b78a27578f13a17b -> 
  custom:container-demuxer-webm: 4f35f7cbe854078d1ac9338744f61a02 -> 
  custom:video-encoder-webm-vp8: eb34c28f22e8b96e1ab97ce403110664 -> 
  custom:audio-encoder-webm-vorbis: bf7c407c2cedff20999df2af8eb42d56 -> 
  custom:framework-win-MediaFoundation: 216162199b28c13a410421893ffa2e32 -> 
  custom:container-demuxer-ogg: 62fdf1f143b41e24485cea50d1cbac27 -> 
  custom:video-decoder-webm-vp8: 9c59270c3fd7afecdb556c50c9e8de78 -> 
  custom:audio-decoder-ogg-vorbis: bf7c407c2cedff20999df2af8eb42d56 -> 
